[ 2017-11-10T19:17:43+08:00 ] 192.168.20.185 192.168.168.160 GET /360/public_html/index.php
[ log ] 192.168.20.185/360/public_html/index.php [运行时间：1.043635s][吞吐率：0.96req/s] [内存消耗：1,492.79kb] [文件加载：54]
[ info ] [ DB ] INIT mysql
[ sql ] [ DB ] CONNECT:[ UseTime:1.022406s ] mysql:dbname=crm;host=localhost;charset=utf8
[ sql ] [ SQL ] set sql_mode='' [ RunTime:0.000116s ]

---------------------------------------------------------------
[ 2017-11-10T19:17:44+08:00 ] 192.168.20.185 192.168.168.160 GET /360/public_html/index.php/member/login/index/
[ log ] 192.168.20.185/360/public_html/index.php/member/login/index/ [运行时间：1.052068s][吞吐率：0.95req/s] [内存消耗：1,666.53kb] [文件加载：60]
[ info ] [ DB ] INIT mysql
[ sql ] [ DB ] CONNECT:[ UseTime:1.029294s ] mysql:dbname=crm;host=localhost;charset=utf8
[ sql ] [ SQL ] set sql_mode='' [ RunTime:0.000105s ]

---------------------------------------------------------------
[ 2017-11-10T19:18:48+08:00 ] 192.168.20.185 192.168.168.160 POST /360/public_html/index.php/member/login/index/
[ log ] 192.168.20.185/360/public_html/index.php/member/login/index/ [运行时间：1.073417s][吞吐率：0.93req/s] [内存消耗：2,262.83kb] [文件加载：67]
[ info ] [ DB ] INIT mysql
[ sql ] [ DB ] CONNECT:[ UseTime:1.027567s ] mysql:dbname=crm;host=localhost;charset=utf8
[ sql ] [ SQL ] set sql_mode='' [ RunTime:0.000110s ]
[ sql ] [ SQL ] SHOW COLUMNS FROM `member` [ RunTime:0.003097s ]
[ sql ] [ SQL ] SELECT * FROM `member` WHERE  `username` = 'admin' LIMIT 1 [ RunTime:0.000361s ]
[ sql ] [ SQL ] UPDATE `member`  SET `lasttime`=1510312728  WHERE  `uid` = 1 [ RunTime:0.011666s ]

---------------------------------------------------------------
[ 2017-11-10T19:18:49+08:00 ] 192.168.20.185 192.168.168.160 GET /360/public_html/index.php/member/index/index
[ log ] 192.168.20.185/360/public_html/index.php/member/index/index [运行时间：1.055840s][吞吐率：0.95req/s] [内存消耗：2,337.48kb] [文件加载：72]
[ info ] [ DB ] INIT mysql
[ sql ] [ DB ] CONNECT:[ UseTime:1.020831s ] mysql:dbname=crm;host=localhost;charset=utf8
[ sql ] [ SQL ] set sql_mode='' [ RunTime:0.000106s ]
[ sql ] [ SQL ] SHOW COLUMNS FROM `role` [ RunTime:0.003005s ]
[ sql ] [ SQL ] SELECT * FROM `role` WHERE  `role`.`delete_time` IS NULL  AND `id` = 4 LIMIT 1 [ RunTime:0.000283s ]
[ error ] [8]未定义变量: taocan_data
[ error ] [8]未定义变量: taocan_data
[ error ] [8]未定义变量: taocan_data
[ error ] [8]未定义变量: taocan_data
[ error ] [8]未定义变量: taocan_data
[ error ] [8]未定义变量: taocan_data
[ error ] [8]未定义变量: taocan_data
[ error ] [8]未定义变量: taocan_data
[ error ] [8]未定义变量: taocan_data
[ error ] [8]未定义变量: taocan_data
[ error ] [8]未定义变量: taocan_data
[ error ] [8]未定义变量: taocan_data
[ error ] [8]未定义变量: taocan_data
[ error ] [8]未定义变量: taocan_data
[ error ] [8]未定义变量: taocan_data
[ error ] [8]未定义变量: taocan_data
[ error ] [8]未定义变量: taocan_data
[ error ] [8]未定义变量: taocan_data
[ error ] [8]未定义变量: taocan_data

---------------------------------------------------------------
[ 2017-11-10T19:18:54+08:00 ] 192.168.20.185 192.168.168.160 GET /360/public_html/index.php/member/sales/add
[ log ] 192.168.20.185/360/public_html/index.php/member/sales/add [运行时间：1.081019s][吞吐率：0.93req/s] [内存消耗：2,676.84kb] [文件加载：79]
[ info ] [ DB ] INIT mysql
[ sql ] [ DB ] CONNECT:[ UseTime:1.022881s ] mysql:dbname=crm;host=localhost;charset=utf8
[ sql ] [ SQL ] set sql_mode='' [ RunTime:0.000106s ]
[ sql ] [ SQL ] SHOW COLUMNS FROM `role` [ RunTime:0.002822s ]
[ sql ] [ SQL ] SELECT * FROM `role` WHERE  `role`.`delete_time` IS NULL  AND `id` = 4 LIMIT 1 [ RunTime:0.000268s ]
[ sql ] [ SQL ] SHOW COLUMNS FROM `customer` [ RunTime:0.002820s ]
[ sql ] [ SQL ] SELECT `id`,`company` FROM `customer` WHERE  `customer`.`shop_id` = 1 [ RunTime:0.000152s ]
[ sql ] [ SQL ] SHOW COLUMNS FROM `member` [ RunTime:0.002787s ]
[ sql ] [ SQL ] SELECT `uid`,`realname` FROM `member` WHERE  `shop_id` = 1 [ RunTime:0.000169s ]
[ sql ] [ SQL ] SHOW COLUMNS FROM `stock_product` [ RunTime:0.002814s ]
[ sql ] [ SQL ] SELECT DISTINCT  * FROM `stock_product` WHERE  `shop_id` = 1  AND (  status <> '3' ) GROUP BY fid ORDER BY fid asc [ RunTime:0.001576s ]
[ sql ] [ SQL ] SELECT * FROM `stock_product` WHERE  `shop_id` = 1  AND `fid` = 2 ORDER BY listorder desc,id asc [ RunTime:0.000315s ]
[ sql ] [ SQL ] SHOW COLUMNS FROM `stock_set` [ RunTime:0.002680s ]
[ sql ] [ SQL ] SELECT * FROM `stock_set` WHERE  `shop_id` = 1  AND `id` = 2 LIMIT 1 [ RunTime:0.000191s ]
[ error ] [8]未定义变量: taocan_data
[ error ] [8]未定义变量: taocan_data
[ error ] [8]未定义变量: taocan_data
[ error ] [8]未定义变量: taocan_data
[ error ] [8]未定义变量: taocan_data
[ error ] [8]未定义变量: taocan_data
[ error ] [8]未定义变量: taocan_data
[ error ] [8]未定义变量: taocan_data
[ error ] [8]未定义变量: taocan_data
[ error ] [8]未定义变量: taocan_data
[ error ] [8]未定义变量: taocan_data
[ error ] [8]未定义变量: taocan_data
[ error ] [8]未定义变量: taocan_data
[ error ] [8]未定义变量: taocan_data
[ error ] [8]未定义变量: taocan_data
[ error ] [8]未定义变量: taocan_data
[ error ] [8]未定义变量: taocan_data
[ error ] [8]未定义变量: taocan_data
[ error ] [8]未定义变量: taocan_data
[ error ] [8]未定义变量: list

---------------------------------------------------------------
[ 2017-11-10T19:18:59+08:00 ] 192.168.20.185 192.168.168.160 POST /360/public_html/index.php/member/sales/get_product
[ log ] 192.168.20.185/360/public_html/index.php/member/sales/get_product [运行时间：1.054196s][吞吐率：0.95req/s] [内存消耗：2,239.76kb] [文件加载：66]
[ info ] [ DB ] INIT mysql
[ sql ] [ DB ] CONNECT:[ UseTime:1.021982s ] mysql:dbname=crm;host=localhost;charset=utf8
[ sql ] [ SQL ] set sql_mode='' [ RunTime:0.000105s ]
[ sql ] [ SQL ] SHOW COLUMNS FROM `stock_product` [ RunTime:0.002898s ]
[ sql ] [ SQL ] SELECT * FROM `stock_product` WHERE  `shop_id` = 1  AND `id` = 1 LIMIT 1 [ RunTime:0.000369s ]

---------------------------------------------------------------
[ 2017-11-10T19:19:02+08:00 ] 192.168.20.185 192.168.168.160 GET /360/public_html/index.php/member/customer/track
[ log ] 192.168.20.185/360/public_html/index.php/member/customer/track [运行时间：1.060542s][吞吐率：0.94req/s] [内存消耗：2,715.33kb] [文件加载：83]
[ info ] [ DB ] INIT mysql
[ sql ] [ DB ] CONNECT:[ UseTime:1.000665s ] mysql:dbname=crm;host=localhost;charset=utf8
[ sql ] [ SQL ] set sql_mode='' [ RunTime:0.000104s ]
[ sql ] [ SQL ] SHOW COLUMNS FROM `role` [ RunTime:0.002978s ]
[ sql ] [ SQL ] SELECT * FROM `role` WHERE  `role`.`delete_time` IS NULL  AND `id` = 4 LIMIT 1 [ RunTime:0.000269s ]
[ sql ] [ SQL ] SHOW COLUMNS FROM `member` [ RunTime:0.002716s ]
[ sql ] [ SQL ] SELECT * FROM `member` WHERE  `uid` = 1 LIMIT 1 [ RunTime:0.000197s ]
[ sql ] [ SQL ] SHOW COLUMNS FROM `customer` [ RunTime:0.002719s ]
[ sql ] [ SQL ] SELECT * FROM `customer` WHERE  `customer`.`shop_id` = 1  AND `id` IS NULL LIMIT 1 [ RunTime:0.000180s ]
[ sql ] [ SQL ] SHOW COLUMNS FROM `customer_track` [ RunTime:0.002848s ]
[ sql ] [ SQL ] SELECT COUNT(*) AS tp_count FROM `customer_track` WHERE  `shop_id` = 1 LIMIT 1 [ RunTime:0.000164s ]
[ sql ] [ SQL ] SELECT * FROM `customer_track` WHERE  `shop_id` = 1 ORDER BY addtime desc LIMIT 0,20 [ RunTime:0.000182s ]
[ sql ] [ SQL ] SELECT * FROM `member` WHERE  `uid` = 1 LIMIT 1 [ RunTime:0.000230s ]
[ error ] [8]未定义变量: where
[ error ] [8]未定义变量: taocan_data
[ error ] [8]未定义变量: taocan_data
[ error ] [8]未定义变量: taocan_data
[ error ] [8]未定义变量: taocan_data
[ error ] [8]未定义变量: taocan_data
[ error ] [8]未定义变量: taocan_data
[ error ] [8]未定义变量: taocan_data
[ error ] [8]未定义变量: taocan_data
[ error ] [8]未定义变量: taocan_data
[ error ] [8]未定义变量: taocan_data
[ error ] [8]未定义变量: taocan_data
[ error ] [8]未定义变量: taocan_data
[ error ] [8]未定义变量: taocan_data
[ error ] [8]未定义变量: taocan_data
[ error ] [8]未定义变量: taocan_data
[ error ] [8]未定义变量: taocan_data
[ error ] [8]未定义变量: taocan_data
[ error ] [8]未定义变量: taocan_data
[ error ] [8]未定义变量: taocan_data
[ error ] [8]未定义数组索引: 

---------------------------------------------------------------
[ 2017-11-10T19:19:07+08:00 ] 192.168.20.185 192.168.168.160 GET /360/public_html/index.php/member/index/index/
[ log ] 192.168.20.185/360/public_html/index.php/member/index/index/ [运行时间：1.050599s][吞吐率：0.95req/s] [内存消耗：2,337.48kb] [文件加载：72]
[ info ] [ DB ] INIT mysql
[ sql ] [ DB ] CONNECT:[ UseTime:1.015705s ] mysql:dbname=crm;host=localhost;charset=utf8
[ sql ] [ SQL ] set sql_mode='' [ RunTime:0.000105s ]
[ sql ] [ SQL ] SHOW COLUMNS FROM `role` [ RunTime:0.003042s ]
[ sql ] [ SQL ] SELECT * FROM `role` WHERE  `role`.`delete_time` IS NULL  AND `id` = 4 LIMIT 1 [ RunTime:0.000268s ]
[ error ] [8]未定义变量: taocan_data
[ error ] [8]未定义变量: taocan_data
[ error ] [8]未定义变量: taocan_data
[ error ] [8]未定义变量: taocan_data
[ error ] [8]未定义变量: taocan_data
[ error ] [8]未定义变量: taocan_data
[ error ] [8]未定义变量: taocan_data
[ error ] [8]未定义变量: taocan_data
[ error ] [8]未定义变量: taocan_data
[ error ] [8]未定义变量: taocan_data
[ error ] [8]未定义变量: taocan_data
[ error ] [8]未定义变量: taocan_data
[ error ] [8]未定义变量: taocan_data
[ error ] [8]未定义变量: taocan_data
[ error ] [8]未定义变量: taocan_data
[ error ] [8]未定义变量: taocan_data
[ error ] [8]未定义变量: taocan_data
[ error ] [8]未定义变量: taocan_data
[ error ] [8]未定义变量: taocan_data

---------------------------------------------------------------
[ 2017-11-10T19:26:49+08:00 ] 192.168.20.185 192.168.168.160 GET /360/public_html/index.php/member/login/index/
[ log ] 192.168.20.185/360/public_html/index.php/member/login/index/ [运行时间：1.043827s][吞吐率：0.96req/s] [内存消耗：1,667.23kb] [文件加载：60]
[ info ] [ DB ] INIT mysql
[ sql ] [ DB ] CONNECT:[ UseTime:1.019638s ] mysql:dbname=crm;host=localhost;charset=utf8
[ sql ] [ SQL ] set sql_mode='' [ RunTime:0.000114s ]

---------------------------------------------------------------
[ 2017-11-10T19:26:51+08:00 ] 192.168.20.185 192.168.168.160 GET /360/public_html/index.php
[ log ] 192.168.20.185/360/public_html/index.php [运行时间：1.029704s][吞吐率：0.97req/s] [内存消耗：1,492.84kb] [文件加载：54]
[ info ] [ DB ] INIT mysql
[ sql ] [ DB ] CONNECT:[ UseTime:1.011219s ] mysql:dbname=crm;host=localhost;charset=utf8
[ sql ] [ SQL ] set sql_mode='' [ RunTime:0.000107s ]

---------------------------------------------------------------
[ 2017-11-10T19:26:52+08:00 ] 192.168.20.185 192.168.168.160 GET /360/public_html/index.php/member/login/index/
[ log ] 192.168.20.185/360/public_html/index.php/member/login/index/ [运行时间：1.037471s][吞吐率：0.96req/s] [内存消耗：1,666.56kb] [文件加载：60]
[ info ] [ DB ] INIT mysql
[ sql ] [ DB ] CONNECT:[ UseTime:1.016963s ] mysql:dbname=crm;host=localhost;charset=utf8
[ sql ] [ SQL ] set sql_mode='' [ RunTime:0.000110s ]

---------------------------------------------------------------
[ 2017-11-10T19:26:55+08:00 ] 192.168.20.185 192.168.168.160 POST /360/public_html/index.php/member/login/index/
[ log ] 192.168.20.185/360/public_html/index.php/member/login/index/ [运行时间：1.069340s][吞吐率：0.94req/s] [内存消耗：2,263.46kb] [文件加载：67]
[ info ] [ DB ] INIT mysql
[ sql ] [ DB ] CONNECT:[ UseTime:1.023942s ] mysql:dbname=crm;host=localhost;charset=utf8
[ sql ] [ SQL ] set sql_mode='' [ RunTime:0.000113s ]
[ sql ] [ SQL ] SHOW COLUMNS FROM `member` [ RunTime:0.002955s ]
[ sql ] [ SQL ] SELECT * FROM `member` WHERE  `username` = 'admin' LIMIT 1 [ RunTime:0.000302s ]
[ sql ] [ SQL ] UPDATE `member`  SET `lasttime`=1510313215  WHERE  `uid` = 1 [ RunTime:0.013691s ]

---------------------------------------------------------------
[ 2017-11-10T19:26:56+08:00 ] 192.168.20.185 192.168.168.160 GET /360/public_html/index.php/member/index/index
[ log ] 192.168.20.185/360/public_html/index.php/member/index/index [运行时间：1.057558s][吞吐率：0.95req/s] [内存消耗：2,338.07kb] [文件加载：72]
[ info ] [ DB ] INIT mysql
[ sql ] [ DB ] CONNECT:[ UseTime:1.025738s ] mysql:dbname=crm;host=localhost;charset=utf8
[ sql ] [ SQL ] set sql_mode='' [ RunTime:0.000105s ]
[ sql ] [ SQL ] SHOW COLUMNS FROM `role` [ RunTime:0.002847s ]
[ sql ] [ SQL ] SELECT * FROM `role` WHERE  `role`.`delete_time` IS NULL  AND `id` = 4 LIMIT 1 [ RunTime:0.000273s ]
[ error ] [8]未定义变量: taocan_data
[ error ] [8]未定义变量: taocan_data
[ error ] [8]未定义变量: taocan_data
[ error ] [8]未定义变量: taocan_data
[ error ] [8]未定义变量: taocan_data
[ error ] [8]未定义变量: taocan_data
[ error ] [8]未定义变量: taocan_data
[ error ] [8]未定义变量: taocan_data
[ error ] [8]未定义变量: taocan_data
[ error ] [8]未定义变量: taocan_data
[ error ] [8]未定义变量: taocan_data
[ error ] [8]未定义变量: taocan_data
[ error ] [8]未定义变量: taocan_data
[ error ] [8]未定义变量: taocan_data
[ error ] [8]未定义变量: taocan_data
[ error ] [8]未定义变量: taocan_data
[ error ] [8]未定义变量: taocan_data
[ error ] [8]未定义变量: taocan_data
[ error ] [8]未定义变量: taocan_data

---------------------------------------------------------------
[ 2017-11-10T19:27:02+08:00 ] 192.168.20.185 192.168.168.160 GET /360/public_html/index.php/member/sales/index
[ log ] 192.168.20.185/360/public_html/index.php/member/sales/index [运行时间：1.083205s][吞吐率：0.92req/s] [内存消耗：2,540.16kb] [文件加载：79]
[ info ] [ DB ] INIT mysql
[ sql ] [ DB ] CONNECT:[ UseTime:1.036021s ] mysql:dbname=crm;host=localhost;charset=utf8
[ sql ] [ SQL ] set sql_mode='' [ RunTime:0.000106s ]
[ sql ] [ SQL ] SHOW COLUMNS FROM `role` [ RunTime:0.002845s ]
[ sql ] [ SQL ] SELECT * FROM `role` WHERE  `role`.`delete_time` IS NULL  AND `id` = 4 LIMIT 1 [ RunTime:0.000264s ]
[ sql ] [ SQL ] SHOW COLUMNS FROM `orders` [ RunTime:0.002744s ]
[ sql ] [ SQL ] SELECT COUNT(*) AS tp_count FROM `orders` WHERE  `shop_id` = 1 LIMIT 1 [ RunTime:0.000157s ]
[ sql ] [ SQL ] SELECT * FROM `orders` WHERE  `shop_id` = 1 ORDER BY addtime desc LIMIT 0,20 [ RunTime:0.000220s ]
[ sql ] [ SQL ] SHOW COLUMNS FROM `customer` [ RunTime:0.002711s ]
[ sql ] [ SQL ] SELECT * FROM `customer` WHERE  `customer`.`shop_id` = 1  AND `id` = 1 LIMIT 1 [ RunTime:0.000228s ]
[ sql ] [ SQL ] SHOW COLUMNS FROM `member` [ RunTime:0.002771s ]
[ sql ] [ SQL ] SELECT * FROM `member` WHERE  `uid` = 1 LIMIT 1 [ RunTime:0.000195s ]
[ sql ] [ SQL ] SELECT * FROM `member` WHERE  `uid` = 2 LIMIT 1 [ RunTime:0.000182s ]
[ sql ] [ SQL ] SELECT * FROM `customer` WHERE  `customer`.`shop_id` = 1  AND `id` = 1 LIMIT 1 [ RunTime:0.000229s ]
[ sql ] [ SQL ] SELECT * FROM `member` WHERE  `uid` = 1 LIMIT 1 [ RunTime:0.000183s ]
[ sql ] [ SQL ] SELECT * FROM `member` WHERE  `uid` = 3 LIMIT 1 [ RunTime:0.000175s ]
[ error ] [8]未定义变量: where
[ error ] [8]未定义变量: taocan_data
[ error ] [8]未定义变量: taocan_data
[ error ] [8]未定义变量: taocan_data
[ error ] [8]未定义变量: taocan_data
[ error ] [8]未定义变量: taocan_data
[ error ] [8]未定义变量: taocan_data
[ error ] [8]未定义变量: taocan_data
[ error ] [8]未定义变量: taocan_data
[ error ] [8]未定义变量: taocan_data
[ error ] [8]未定义变量: taocan_data
[ error ] [8]未定义变量: taocan_data
[ error ] [8]未定义变量: taocan_data
[ error ] [8]未定义变量: taocan_data
[ error ] [8]未定义变量: taocan_data
[ error ] [8]未定义变量: taocan_data
[ error ] [8]未定义变量: taocan_data
[ error ] [8]未定义变量: taocan_data
[ error ] [8]未定义变量: taocan_data
[ error ] [8]未定义变量: taocan_data

---------------------------------------------------------------
[ 2017-11-10T19:27:06+08:00 ] 192.168.20.185 192.168.168.160 GET /360/public_html/index.php/member/index/index/
[ log ] 192.168.20.185/360/public_html/index.php/member/index/index/ [运行时间：1.059445s][吞吐率：0.94req/s] [内存消耗：2,338.07kb] [文件加载：72]
[ info ] [ DB ] INIT mysql
[ sql ] [ DB ] CONNECT:[ UseTime:1.027095s ] mysql:dbname=crm;host=localhost;charset=utf8
[ sql ] [ SQL ] set sql_mode='' [ RunTime:0.000132s ]
[ sql ] [ SQL ] SHOW COLUMNS FROM `role` [ RunTime:0.003017s ]
[ sql ] [ SQL ] SELECT * FROM `role` WHERE  `role`.`delete_time` IS NULL  AND `id` = 4 LIMIT 1 [ RunTime:0.000276s ]
[ error ] [8]未定义变量: taocan_data
[ error ] [8]未定义变量: taocan_data
[ error ] [8]未定义变量: taocan_data
[ error ] [8]未定义变量: taocan_data
[ error ] [8]未定义变量: taocan_data
[ error ] [8]未定义变量: taocan_data
[ error ] [8]未定义变量: taocan_data
[ error ] [8]未定义变量: taocan_data
[ error ] [8]未定义变量: taocan_data
[ error ] [8]未定义变量: taocan_data
[ error ] [8]未定义变量: taocan_data
[ error ] [8]未定义变量: taocan_data
[ error ] [8]未定义变量: taocan_data
[ error ] [8]未定义变量: taocan_data
[ error ] [8]未定义变量: taocan_data
[ error ] [8]未定义变量: taocan_data
[ error ] [8]未定义变量: taocan_data
[ error ] [8]未定义变量: taocan_data
[ error ] [8]未定义变量: taocan_data

---------------------------------------------------------------
[ 2017-11-10T19:27:08+08:00 ] 192.168.20.185 192.168.168.160 GET /360/public_html/index.php/member/index/index/
[ log ] 192.168.20.185/360/public_html/index.php/member/index/index/ [运行时间：1.046734s][吞吐率：0.96req/s] [内存消耗：2,338.07kb] [文件加载：72]
[ info ] [ DB ] INIT mysql
[ sql ] [ DB ] CONNECT:[ UseTime:1.015014s ] mysql:dbname=crm;host=localhost;charset=utf8
[ sql ] [ SQL ] set sql_mode='' [ RunTime:0.000108s ]
[ sql ] [ SQL ] SHOW COLUMNS FROM `role` [ RunTime:0.002874s ]
[ sql ] [ SQL ] SELECT * FROM `role` WHERE  `role`.`delete_time` IS NULL  AND `id` = 4 LIMIT 1 [ RunTime:0.000273s ]
[ error ] [8]未定义变量: taocan_data
[ error ] [8]未定义变量: taocan_data
[ error ] [8]未定义变量: taocan_data
[ error ] [8]未定义变量: taocan_data
[ error ] [8]未定义变量: taocan_data
[ error ] [8]未定义变量: taocan_data
[ error ] [8]未定义变量: taocan_data
[ error ] [8]未定义变量: taocan_data
[ error ] [8]未定义变量: taocan_data
[ error ] [8]未定义变量: taocan_data
[ error ] [8]未定义变量: taocan_data
[ error ] [8]未定义变量: taocan_data
[ error ] [8]未定义变量: taocan_data
[ error ] [8]未定义变量: taocan_data
[ error ] [8]未定义变量: taocan_data
[ error ] [8]未定义变量: taocan_data
[ error ] [8]未定义变量: taocan_data
[ error ] [8]未定义变量: taocan_data
[ error ] [8]未定义变量: taocan_data

---------------------------------------------------------------
[ 2017-11-10T19:28:34+08:00 ] 192.168.20.185 192.168.168.160 GET /360/public_html/index.php/member/sales/add
[ log ] 192.168.20.185/360/public_html/index.php/member/sales/add [运行时间：1.076909s][吞吐率：0.93req/s] [内存消耗：2,483.38kb] [文件加载：75]
[ info ] [ DB ] INIT mysql
[ sql ] [ DB ] CONNECT:[ UseTime:1.027464s ] mysql:dbname=crm;host=localhost;charset=utf8
[ sql ] [ SQL ] set sql_mode='' [ RunTime:0.000109s ]
[ sql ] [ SQL ] SHOW COLUMNS FROM `role` [ RunTime:0.002845s ]
[ sql ] [ SQL ] SELECT * FROM `role` WHERE  `role`.`delete_time` IS NULL  AND `id` = 4 LIMIT 1 [ RunTime:0.000273s ]
[ sql ] [ SQL ] SHOW COLUMNS FROM `customer` [ RunTime:0.002850s ]
[ sql ] [ SQL ] SELECT `id`,`company` FROM `customer` WHERE  `customer`.`shop_id` = 1 [ RunTime:0.000163s ]
[ sql ] [ SQL ] SHOW COLUMNS FROM `member` [ RunTime:0.002658s ]
[ sql ] [ SQL ] SELECT `uid`,`realname` FROM `member` WHERE  `shop_id` = 1 [ RunTime:0.000165s ]
[ sql ] [ SQL ] SHOW COLUMNS FROM `stock_product` [ RunTime:0.002734s ]
[ sql ] [ SQL ] SELECT DISTINCT  * FROM `stock_product` WHERE  `shop_id` = 1  AND (  status <> '3' ) GROUP BY fid ORDER BY fid asc [ RunTime:0.001582s ]
[ sql ] [ SQL ] SELECT * FROM `stock_product` WHERE  `shop_id` = 1  AND `fid` = 2 ORDER BY listorder desc,id asc [ RunTime:0.000310s ]
[ sql ] [ SQL ] SHOW COLUMNS FROM `stock_set` [ RunTime:0.002639s ]
[ sql ] [ SQL ] SELECT * FROM `stock_set` WHERE  `shop_id` = 1  AND `id` = 2 LIMIT 1 [ RunTime:0.000191s ]
[ error ] [8]未定义变量: taocan_data
[ error ] [8]未定义变量: taocan_data
[ error ] [8]未定义变量: taocan_data
[ error ] [8]未定义变量: taocan_data
[ error ] [8]未定义变量: taocan_data
[ error ] [8]未定义变量: taocan_data
[ error ] [8]未定义变量: taocan_data
[ error ] [8]未定义变量: taocan_data
[ error ] [8]未定义变量: taocan_data
[ error ] [8]未定义变量: taocan_data
[ error ] [8]未定义变量: taocan_data
[ error ] [8]未定义变量: taocan_data
[ error ] [8]未定义变量: taocan_data
[ error ] [8]未定义变量: taocan_data
[ error ] [8]未定义变量: taocan_data
[ error ] [8]未定义变量: taocan_data
[ error ] [8]未定义变量: taocan_data
[ error ] [8]未定义变量: taocan_data
[ error ] [8]未定义变量: taocan_data
[ error ] [8]未定义变量: list

---------------------------------------------------------------
[ 2017-11-10T19:30:10+08:00 ] 192.168.20.185 192.168.168.160 GET /360/public_html/index.php/member/sales/index
[ log ] 192.168.20.185/360/public_html/index.php/member/sales/index [运行时间：1.083888s][吞吐率：0.92req/s] [内存消耗：2,540.16kb] [文件加载：79]
[ info ] [ DB ] INIT mysql
[ sql ] [ DB ] CONNECT:[ UseTime:1.033987s ] mysql:dbname=crm;host=localhost;charset=utf8
[ sql ] [ SQL ] set sql_mode='' [ RunTime:0.000107s ]
[ sql ] [ SQL ] SHOW COLUMNS FROM `role` [ RunTime:0.002842s ]
[ sql ] [ SQL ] SELECT * FROM `role` WHERE  `role`.`delete_time` IS NULL  AND `id` = 4 LIMIT 1 [ RunTime:0.000268s ]
[ sql ] [ SQL ] SHOW COLUMNS FROM `orders` [ RunTime:0.002645s ]
[ sql ] [ SQL ] SELECT COUNT(*) AS tp_count FROM `orders` WHERE  `shop_id` = 1 LIMIT 1 [ RunTime:0.000156s ]
[ sql ] [ SQL ] SELECT * FROM `orders` WHERE  `shop_id` = 1 ORDER BY addtime desc LIMIT 0,20 [ RunTime:0.000217s ]
[ sql ] [ SQL ] SHOW COLUMNS FROM `customer` [ RunTime:0.002715s ]
[ sql ] [ SQL ] SELECT * FROM `customer` WHERE  `customer`.`shop_id` = 1  AND `id` = 1 LIMIT 1 [ RunTime:0.000228s ]
[ sql ] [ SQL ] SHOW COLUMNS FROM `member` [ RunTime:0.002691s ]
[ sql ] [ SQL ] SELECT * FROM `member` WHERE  `uid` = 1 LIMIT 1 [ RunTime:0.000212s ]
[ sql ] [ SQL ] SELECT * FROM `member` WHERE  `uid` = 2 LIMIT 1 [ RunTime:0.000182s ]
[ sql ] [ SQL ] SELECT * FROM `customer` WHERE  `customer`.`shop_id` = 1  AND `id` = 1 LIMIT 1 [ RunTime:0.000212s ]
[ sql ] [ SQL ] SELECT * FROM `member` WHERE  `uid` = 1 LIMIT 1 [ RunTime:0.000184s ]
[ sql ] [ SQL ] SELECT * FROM `member` WHERE  `uid` = 3 LIMIT 1 [ RunTime:0.000181s ]
[ error ] [8]未定义变量: where
[ error ] [8]未定义变量: taocan_data
[ error ] [8]未定义变量: taocan_data
[ error ] [8]未定义变量: taocan_data
[ error ] [8]未定义变量: taocan_data
[ error ] [8]未定义变量: taocan_data
[ error ] [8]未定义变量: taocan_data
[ error ] [8]未定义变量: taocan_data
[ error ] [8]未定义变量: taocan_data
[ error ] [8]未定义变量: taocan_data
[ error ] [8]未定义变量: taocan_data
[ error ] [8]未定义变量: taocan_data
[ error ] [8]未定义变量: taocan_data
[ error ] [8]未定义变量: taocan_data
[ error ] [8]未定义变量: taocan_data
[ error ] [8]未定义变量: taocan_data
[ error ] [8]未定义变量: taocan_data
[ error ] [8]未定义变量: taocan_data
[ error ] [8]未定义变量: taocan_data
[ error ] [8]未定义变量: taocan_data

---------------------------------------------------------------
[ 2017-11-10T19:30:17+08:00 ] 192.168.20.185 192.168.168.160 GET /360/public_html/index.php/member/sales/index
[ log ] 192.168.20.185/360/public_html/index.php/member/sales/index [运行时间：1.073502s][吞吐率：0.93req/s] [内存消耗：2,540.16kb] [文件加载：79]
[ info ] [ DB ] INIT mysql
[ sql ] [ DB ] CONNECT:[ UseTime:1.026427s ] mysql:dbname=crm;host=localhost;charset=utf8
[ sql ] [ SQL ] set sql_mode='' [ RunTime:0.000105s ]
[ sql ] [ SQL ] SHOW COLUMNS FROM `role` [ RunTime:0.002871s ]
[ sql ] [ SQL ] SELECT * FROM `role` WHERE  `role`.`delete_time` IS NULL  AND `id` = 4 LIMIT 1 [ RunTime:0.000264s ]
[ sql ] [ SQL ] SHOW COLUMNS FROM `orders` [ RunTime:0.002678s ]
[ sql ] [ SQL ] SELECT COUNT(*) AS tp_count FROM `orders` WHERE  `shop_id` = 1 LIMIT 1 [ RunTime:0.000158s ]
[ sql ] [ SQL ] SELECT * FROM `orders` WHERE  `shop_id` = 1 ORDER BY addtime desc LIMIT 0,20 [ RunTime:0.000219s ]
[ sql ] [ SQL ] SHOW COLUMNS FROM `customer` [ RunTime:0.002714s ]
[ sql ] [ SQL ] SELECT * FROM `customer` WHERE  `customer`.`shop_id` = 1  AND `id` = 1 LIMIT 1 [ RunTime:0.000231s ]
[ sql ] [ SQL ] SHOW COLUMNS FROM `member` [ RunTime:0.002676s ]
[ sql ] [ SQL ] SELECT * FROM `member` WHERE  `uid` = 1 LIMIT 1 [ RunTime:0.000199s ]
[ sql ] [ SQL ] SELECT * FROM `member` WHERE  `uid` = 2 LIMIT 1 [ RunTime:0.000182s ]
[ sql ] [ SQL ] SELECT * FROM `customer` WHERE  `customer`.`shop_id` = 1  AND `id` = 1 LIMIT 1 [ RunTime:0.000221s ]
[ sql ] [ SQL ] SELECT * FROM `member` WHERE  `uid` = 1 LIMIT 1 [ RunTime:0.000189s ]
[ sql ] [ SQL ] SELECT * FROM `member` WHERE  `uid` = 3 LIMIT 1 [ RunTime:0.000174s ]
[ error ] [8]未定义变量: where
[ error ] [8]未定义变量: taocan_data
[ error ] [8]未定义变量: taocan_data
[ error ] [8]未定义变量: taocan_data
[ error ] [8]未定义变量: taocan_data
[ error ] [8]未定义变量: taocan_data
[ error ] [8]未定义变量: taocan_data
[ error ] [8]未定义变量: taocan_data
[ error ] [8]未定义变量: taocan_data
[ error ] [8]未定义变量: taocan_data
[ error ] [8]未定义变量: taocan_data
[ error ] [8]未定义变量: taocan_data
[ error ] [8]未定义变量: taocan_data
[ error ] [8]未定义变量: taocan_data
[ error ] [8]未定义变量: taocan_data
[ error ] [8]未定义变量: taocan_data
[ error ] [8]未定义变量: taocan_data
[ error ] [8]未定义变量: taocan_data
[ error ] [8]未定义变量: taocan_data
[ error ] [8]未定义变量: taocan_data

---------------------------------------------------------------
[ 2017-11-10T21:04:00+08:00 ] 192.168.20.185 192.168.168.160 GET /360/public_html/index.php
[ log ] 192.168.20.185/360/public_html/index.php [运行时间：1.045629s][吞吐率：0.96req/s] [内存消耗：1,492.74kb] [文件加载：54]
[ info ] [ DB ] INIT mysql
[ sql ] [ DB ] CONNECT:[ UseTime:1.022227s ] mysql:dbname=crm;host=localhost;charset=utf8
[ sql ] [ SQL ] set sql_mode='' [ RunTime:0.000119s ]

---------------------------------------------------------------
[ 2017-11-10T21:04:01+08:00 ] 192.168.20.185 192.168.168.160 GET /360/public_html/index.php/member/login/index/
[ log ] 192.168.20.185/360/public_html/index.php/member/login/index/ [运行时间：1.043585s][吞吐率：0.96req/s] [内存消耗：1,666.60kb] [文件加载：60]
[ info ] [ DB ] INIT mysql
[ sql ] [ DB ] CONNECT:[ UseTime:1.019645s ] mysql:dbname=crm;host=localhost;charset=utf8
[ sql ] [ SQL ] set sql_mode='' [ RunTime:0.000104s ]

---------------------------------------------------------------
[ 2017-11-10T21:04:18+08:00 ] 192.168.20.185 192.168.168.160 POST /360/public_html/index.php/member/login/index/
[ log ] 192.168.20.185/360/public_html/index.php/member/login/index/ [运行时间：1.060672s][吞吐率：0.94req/s] [内存消耗：2,222.41kb] [文件加载：66]
[ info ] [ DB ] INIT mysql
[ sql ] [ DB ] CONNECT:[ UseTime:1.027256s ] mysql:dbname=crm;host=localhost;charset=utf8
[ sql ] [ SQL ] set sql_mode='' [ RunTime:0.000107s ]
[ sql ] [ SQL ] SHOW COLUMNS FROM `member` [ RunTime:0.003051s ]
[ sql ] [ SQL ] SELECT * FROM `member` WHERE  `username` = 'admin' LIMIT 1 [ RunTime:0.000308s ]

---------------------------------------------------------------
[ 2017-11-10T21:04:25+08:00 ] 192.168.20.185 192.168.168.160 POST /360/public_html/index.php/member/login/index/
[ log ] 192.168.20.185/360/public_html/index.php/member/login/index/ [运行时间：1.042451s][吞吐率：0.96req/s] [内存消耗：2,222.41kb] [文件加载：66]
[ info ] [ DB ] INIT mysql
[ sql ] [ DB ] CONNECT:[ UseTime:1.009649s ] mysql:dbname=crm;host=localhost;charset=utf8
[ sql ] [ SQL ] set sql_mode='' [ RunTime:0.000106s ]
[ sql ] [ SQL ] SHOW COLUMNS FROM `member` [ RunTime:0.002920s ]
[ sql ] [ SQL ] SELECT * FROM `member` WHERE  `username` = 'admin' LIMIT 1 [ RunTime:0.000297s ]

---------------------------------------------------------------
[ 2017-11-10T21:04:31+08:00 ] 192.168.20.185 192.168.168.160 POST /360/public_html/index.php/member/login/index/
[ log ] 192.168.20.185/360/public_html/index.php/member/login/index/ [运行时间：1.062187s][吞吐率：0.94req/s] [内存消耗：2,222.41kb] [文件加载：66]
[ info ] [ DB ] INIT mysql
[ sql ] [ DB ] CONNECT:[ UseTime:1.029220s ] mysql:dbname=crm;host=localhost;charset=utf8
[ sql ] [ SQL ] set sql_mode='' [ RunTime:0.000156s ]
[ sql ] [ SQL ] SHOW COLUMNS FROM `member` [ RunTime:0.003046s ]
[ sql ] [ SQL ] SELECT * FROM `member` WHERE  `username` = 'admin' LIMIT 1 [ RunTime:0.000296s ]

---------------------------------------------------------------
[ 2017-11-10T21:05:35+08:00 ] 192.168.20.185 192.168.168.160 POST /360/public_html/index.php/member/login/index/
[ log ] 192.168.20.185/360/public_html/index.php/member/login/index/ [运行时间：1.068123s][吞吐率：0.94req/s] [内存消耗：2,262.67kb] [文件加载：67]
[ info ] [ DB ] INIT mysql
[ sql ] [ DB ] CONNECT:[ UseTime:1.019091s ] mysql:dbname=crm;host=localhost;charset=utf8
[ sql ] [ SQL ] set sql_mode='' [ RunTime:0.000107s ]
[ sql ] [ SQL ] SHOW COLUMNS FROM `member` [ RunTime:0.002950s ]
[ sql ] [ SQL ] SELECT * FROM `member` WHERE  `username` = 'admin' LIMIT 1 [ RunTime:0.000299s ]
[ sql ] [ SQL ] UPDATE `member`  SET `lasttime`=1510319135  WHERE  `uid` = 1 [ RunTime:0.014874s ]

---------------------------------------------------------------
[ 2017-11-10T21:05:36+08:00 ] 192.168.20.185 192.168.168.160 GET /360/public_html/index.php/member/index/index
[ log ] 192.168.20.185/360/public_html/index.php/member/index/index [运行时间：1.048341s][吞吐率：0.95req/s] [内存消耗：2,337.11kb] [文件加载：72]
[ info ] [ DB ] INIT mysql
[ sql ] [ DB ] CONNECT:[ UseTime:1.012514s ] mysql:dbname=crm;host=localhost;charset=utf8
[ sql ] [ SQL ] set sql_mode='' [ RunTime:0.000106s ]
[ sql ] [ SQL ] SHOW COLUMNS FROM `role` [ RunTime:0.003048s ]
[ sql ] [ SQL ] SELECT * FROM `role` WHERE  `role`.`delete_time` IS NULL  AND `id` = 4 LIMIT 1 [ RunTime:0.000263s ]
[ error ] [8]未定义变量: taocan_data
[ error ] [8]未定义变量: taocan_data
[ error ] [8]未定义变量: taocan_data
[ error ] [8]未定义变量: taocan_data
[ error ] [8]未定义变量: taocan_data
[ error ] [8]未定义变量: taocan_data
[ error ] [8]未定义变量: taocan_data
[ error ] [8]未定义变量: taocan_data
[ error ] [8]未定义变量: taocan_data
[ error ] [8]未定义变量: taocan_data
[ error ] [8]未定义变量: taocan_data
[ error ] [8]未定义变量: taocan_data
[ error ] [8]未定义变量: taocan_data
[ error ] [8]未定义变量: taocan_data
[ error ] [8]未定义变量: taocan_data
[ error ] [8]未定义变量: taocan_data
[ error ] [8]未定义变量: taocan_data
[ error ] [8]未定义变量: taocan_data
[ error ] [8]未定义变量: taocan_data

---------------------------------------------------------------
[ 2017-11-10T21:06:42+08:00 ] 192.168.20.185 192.168.168.160 GET /360/public_html/index.php/member/index/index/
[ log ] 192.168.20.185/360/public_html/index.php/member/index/index/ [运行时间：1.066625s][吞吐率：0.94req/s] [内存消耗：2,337.11kb] [文件加载：72]
[ info ] [ DB ] INIT mysql
[ sql ] [ DB ] CONNECT:[ UseTime:1.024021s ] mysql:dbname=crm;host=localhost;charset=utf8
[ sql ] [ SQL ] set sql_mode='' [ RunTime:0.000117s ]
[ sql ] [ SQL ] SHOW COLUMNS FROM `role` [ RunTime:0.002861s ]
[ sql ] [ SQL ] SELECT * FROM `role` WHERE  `role`.`delete_time` IS NULL  AND `id` = 4 LIMIT 1 [ RunTime:0.000271s ]
[ error ] [8]未定义变量: taocan_data
[ error ] [8]未定义变量: taocan_data
[ error ] [8]未定义变量: taocan_data
[ error ] [8]未定义变量: taocan_data
[ error ] [8]未定义变量: taocan_data
[ error ] [8]未定义变量: taocan_data
[ error ] [8]未定义变量: taocan_data
[ error ] [8]未定义变量: taocan_data
[ error ] [8]未定义变量: taocan_data
[ error ] [8]未定义变量: taocan_data
[ error ] [8]未定义变量: taocan_data
[ error ] [8]未定义变量: taocan_data
[ error ] [8]未定义变量: taocan_data
[ error ] [8]未定义变量: taocan_data
[ error ] [8]未定义变量: taocan_data
[ error ] [8]未定义变量: taocan_data
[ error ] [8]未定义变量: taocan_data
[ error ] [8]未定义变量: taocan_data
[ error ] [8]未定义变量: taocan_data

---------------------------------------------------------------
[ 2017-11-10T21:06:46+08:00 ] 192.168.20.185 192.168.168.160 GET /360/public_html/index.php/member/sales/add
[ log ] 192.168.20.185/360/public_html/index.php/member/sales/add [运行时间：1.077661s][吞吐率：0.93req/s] [内存消耗：2,482.45kb] [文件加载：75]
[ info ] [ DB ] INIT mysql
[ sql ] [ DB ] CONNECT:[ UseTime:1.016984s ] mysql:dbname=crm;host=localhost;charset=utf8
[ sql ] [ SQL ] set sql_mode='' [ RunTime:0.000118s ]
[ sql ] [ SQL ] SHOW COLUMNS FROM `role` [ RunTime:0.003341s ]
[ sql ] [ SQL ] SELECT * FROM `role` WHERE  `role`.`delete_time` IS NULL  AND `id` = 4 LIMIT 1 [ RunTime:0.000282s ]
[ sql ] [ SQL ] SHOW COLUMNS FROM `customer` [ RunTime:0.002861s ]
[ sql ] [ SQL ] SELECT `id`,`company` FROM `customer` WHERE  `customer`.`shop_id` = 1 [ RunTime:0.000155s ]
[ sql ] [ SQL ] SHOW COLUMNS FROM `member` [ RunTime:0.002694s ]
[ sql ] [ SQL ] SELECT `uid`,`realname` FROM `member` WHERE  `shop_id` = 1 [ RunTime:0.000165s ]
[ sql ] [ SQL ] SHOW COLUMNS FROM `stock_product` [ RunTime:0.002813s ]
[ sql ] [ SQL ] SELECT DISTINCT  * FROM `stock_product` WHERE  `shop_id` = 1  AND (  status <> '3' ) GROUP BY fid ORDER BY fid asc [ RunTime:0.001615s ]
[ sql ] [ SQL ] SELECT * FROM `stock_product` WHERE  `shop_id` = 1  AND `fid` = 2 ORDER BY listorder desc,id asc [ RunTime:0.000311s ]
[ sql ] [ SQL ] SHOW COLUMNS FROM `stock_set` [ RunTime:0.002707s ]
[ sql ] [ SQL ] SELECT * FROM `stock_set` WHERE  `shop_id` = 1  AND `id` = 2 LIMIT 1 [ RunTime:0.000193s ]
[ error ] [8]未定义变量: taocan_data
[ error ] [8]未定义变量: taocan_data
[ error ] [8]未定义变量: taocan_data
[ error ] [8]未定义变量: taocan_data
[ error ] [8]未定义变量: taocan_data
[ error ] [8]未定义变量: taocan_data
[ error ] [8]未定义变量: taocan_data
[ error ] [8]未定义变量: taocan_data
[ error ] [8]未定义变量: taocan_data
[ error ] [8]未定义变量: taocan_data
[ error ] [8]未定义变量: taocan_data
[ error ] [8]未定义变量: taocan_data
[ error ] [8]未定义变量: taocan_data
[ error ] [8]未定义变量: taocan_data
[ error ] [8]未定义变量: taocan_data
[ error ] [8]未定义变量: taocan_data
[ error ] [8]未定义变量: taocan_data
[ error ] [8]未定义变量: taocan_data
[ error ] [8]未定义变量: taocan_data
[ error ] [8]未定义变量: list

---------------------------------------------------------------
[ 2017-11-10T21:09:42+08:00 ] 192.168.20.185 192.168.168.160 GET /360/public_html/index.php/member/index/index/
[ log ] 192.168.20.185/360/public_html/index.php/member/index/index/ [运行时间：1.065515s][吞吐率：0.94req/s] [内存消耗：2,337.11kb] [文件加载：72]
[ info ] [ DB ] INIT mysql
[ sql ] [ DB ] CONNECT:[ UseTime:1.023074s ] mysql:dbname=crm;host=localhost;charset=utf8
[ sql ] [ SQL ] set sql_mode='' [ RunTime:0.000104s ]
[ sql ] [ SQL ] SHOW COLUMNS FROM `role` [ RunTime:0.002816s ]
[ sql ] [ SQL ] SELECT * FROM `role` WHERE  `role`.`delete_time` IS NULL  AND `id` = 4 LIMIT 1 [ RunTime:0.000267s ]
[ error ] [8]未定义变量: taocan_data
[ error ] [8]未定义变量: taocan_data
[ error ] [8]未定义变量: taocan_data
[ error ] [8]未定义变量: taocan_data
[ error ] [8]未定义变量: taocan_data
[ error ] [8]未定义变量: taocan_data
[ error ] [8]未定义变量: taocan_data
[ error ] [8]未定义变量: taocan_data
[ error ] [8]未定义变量: taocan_data
[ error ] [8]未定义变量: taocan_data
[ error ] [8]未定义变量: taocan_data
[ error ] [8]未定义变量: taocan_data
[ error ] [8]未定义变量: taocan_data
[ error ] [8]未定义变量: taocan_data
[ error ] [8]未定义变量: taocan_data
[ error ] [8]未定义变量: taocan_data
[ error ] [8]未定义变量: taocan_data
[ error ] [8]未定义变量: taocan_data
[ error ] [8]未定义变量: taocan_data

---------------------------------------------------------------
[ 2017-11-10T21:10:20+08:00 ] 192.168.20.185 192.168.168.160 GET /360/public_html/index.php/member/index/index/
[ log ] 192.168.20.185/360/public_html/index.php/member/index/index/ [运行时间：1.104451s][吞吐率：0.91req/s] [内存消耗：2,651.02kb] [文件加载：79]
[ info ] [ DB ] INIT mysql
[ sql ] [ DB ] CONNECT:[ UseTime:1.030316s ] mysql:dbname=crm;host=localhost;charset=utf8
[ sql ] [ SQL ] set sql_mode='' [ RunTime:0.000136s ]
[ sql ] [ SQL ] SHOW COLUMNS FROM `role` [ RunTime:0.003037s ]
[ sql ] [ SQL ] SELECT * FROM `role` WHERE  `role`.`delete_time` IS NULL  AND `id` = 4 LIMIT 1 [ RunTime:0.000273s ]
[ sql ] [ SQL ] SHOW COLUMNS FROM `customer` [ RunTime:0.002721s ]
[ sql ] [ SQL ] SELECT `id`,`company` FROM `customer` WHERE  `customer`.`shop_id` = 1 [ RunTime:0.000147s ]
[ sql ] [ SQL ] SHOW COLUMNS FROM `member` [ RunTime:0.002646s ]
[ sql ] [ SQL ] SELECT `uid`,`realname` FROM `member` WHERE  `shop_id` = 1 [ RunTime:0.000162s ]
[ sql ] [ SQL ] SHOW COLUMNS FROM `stock_product` [ RunTime:0.002729s ]
[ sql ] [ SQL ] SELECT DISTINCT  * FROM `stock_product` WHERE  `shop_id` = 1  AND (  status <> '3' ) GROUP BY fid ORDER BY fid asc [ RunTime:0.001745s ]
[ sql ] [ SQL ] SELECT * FROM `stock_product` WHERE  `shop_id` = 1  AND `fid` = 2 ORDER BY listorder desc,id asc [ RunTime:0.000321s ]
[ sql ] [ SQL ] SHOW COLUMNS FROM `stock_set` [ RunTime:0.002647s ]
[ sql ] [ SQL ] SELECT * FROM `stock_set` WHERE  `shop_id` = 1  AND `id` = 2 LIMIT 1 [ RunTime:0.000190s ]
[ error ] [8]未定义变量: taocan_data
[ error ] [8]未定义变量: taocan_data
[ error ] [8]未定义变量: taocan_data
[ error ] [8]未定义变量: taocan_data
[ error ] [8]未定义变量: taocan_data
[ error ] [8]未定义变量: taocan_data
[ error ] [8]未定义变量: taocan_data
[ error ] [8]未定义变量: taocan_data
[ error ] [8]未定义变量: taocan_data
[ error ] [8]未定义变量: taocan_data
[ error ] [8]未定义变量: taocan_data
[ error ] [8]未定义变量: taocan_data
[ error ] [8]未定义变量: taocan_data
[ error ] [8]未定义变量: taocan_data
[ error ] [8]未定义变量: taocan_data
[ error ] [8]未定义变量: taocan_data
[ error ] [8]未定义变量: taocan_data
[ error ] [8]未定义变量: taocan_data
[ error ] [8]未定义变量: taocan_data
[ error ] [8]未定义变量: list

---------------------------------------------------------------
[ 2017-11-10T21:10:58+08:00 ] 192.168.20.185 192.168.168.160 GET /360/public_html/index.php/member/index/index/
[ log ] 192.168.20.185/360/public_html/index.php/member/index/index/ [运行时间：1.103440s][吞吐率：0.91req/s] [内存消耗：2,500.24kb] [文件加载：76]
[ info ] [ DB ] INIT mysql
[ sql ] [ DB ] CONNECT:[ UseTime:1.046537s ] mysql:dbname=crm;host=localhost;charset=utf8
[ sql ] [ SQL ] set sql_mode='' [ RunTime:0.000106s ]
[ sql ] [ SQL ] SHOW COLUMNS FROM `role` [ RunTime:0.002843s ]
[ sql ] [ SQL ] SELECT * FROM `role` WHERE  `role`.`delete_time` IS NULL  AND `id` = 4 LIMIT 1 [ RunTime:0.000268s ]
[ error ] [8]未定义变量: taocan_data
[ error ] [8]未定义变量: taocan_data
[ error ] [8]未定义变量: taocan_data
[ error ] [8]未定义变量: taocan_data
[ error ] [8]未定义变量: taocan_data
[ error ] [8]未定义变量: taocan_data
[ error ] [8]未定义变量: taocan_data
[ error ] [8]未定义变量: taocan_data
[ error ] [8]未定义变量: taocan_data
[ error ] [8]未定义变量: taocan_data
[ error ] [8]未定义变量: taocan_data
[ error ] [8]未定义变量: taocan_data
[ error ] [8]未定义变量: taocan_data
[ error ] [8]未定义变量: taocan_data
[ error ] [8]未定义变量: taocan_data
[ error ] [8]未定义变量: taocan_data
[ error ] [8]未定义变量: taocan_data
[ error ] [8]未定义变量: taocan_data
[ error ] [8]未定义变量: taocan_data

---------------------------------------------------------------
[ 2017-11-10T21:11:15+08:00 ] 192.168.20.185 192.168.168.160 GET /360/public_html/index.php/member/sales/add
[ log ] 192.168.20.185/360/public_html/index.php/member/sales/add [运行时间：1.069887s][吞吐率：0.93req/s] [内存消耗：2,482.45kb] [文件加载：75]
[ info ] [ DB ] INIT mysql
[ sql ] [ DB ] CONNECT:[ UseTime:1.015901s ] mysql:dbname=crm;host=localhost;charset=utf8
[ sql ] [ SQL ] set sql_mode='' [ RunTime:0.000104s ]
[ sql ] [ SQL ] SHOW COLUMNS FROM `role` [ RunTime:0.002834s ]
[ sql ] [ SQL ] SELECT * FROM `role` WHERE  `role`.`delete_time` IS NULL  AND `id` = 4 LIMIT 1 [ RunTime:0.000277s ]
[ sql ] [ SQL ] SHOW COLUMNS FROM `customer` [ RunTime:0.002761s ]
[ sql ] [ SQL ] SELECT `id`,`company` FROM `customer` WHERE  `customer`.`shop_id` = 1 [ RunTime:0.000150s ]
[ sql ] [ SQL ] SHOW COLUMNS FROM `member` [ RunTime:0.002643s ]
[ sql ] [ SQL ] SELECT `uid`,`realname` FROM `member` WHERE  `shop_id` = 1 [ RunTime:0.000161s ]
[ sql ] [ SQL ] SHOW COLUMNS FROM `stock_product` [ RunTime:0.002659s ]
[ sql ] [ SQL ] SELECT DISTINCT  * FROM `stock_product` WHERE  `shop_id` = 1  AND (  status <> '3' ) GROUP BY fid ORDER BY fid asc [ RunTime:0.001610s ]
[ sql ] [ SQL ] SELECT * FROM `stock_product` WHERE  `shop_id` = 1  AND `fid` = 2 ORDER BY listorder desc,id asc [ RunTime:0.000309s ]
[ sql ] [ SQL ] SHOW COLUMNS FROM `stock_set` [ RunTime:0.002633s ]
[ sql ] [ SQL ] SELECT * FROM `stock_set` WHERE  `shop_id` = 1  AND `id` = 2 LIMIT 1 [ RunTime:0.000192s ]
[ error ] [8]未定义变量: taocan_data
[ error ] [8]未定义变量: taocan_data
[ error ] [8]未定义变量: taocan_data
[ error ] [8]未定义变量: taocan_data
[ error ] [8]未定义变量: taocan_data
[ error ] [8]未定义变量: taocan_data
[ error ] [8]未定义变量: taocan_data
[ error ] [8]未定义变量: taocan_data
[ error ] [8]未定义变量: taocan_data
[ error ] [8]未定义变量: taocan_data
[ error ] [8]未定义变量: taocan_data
[ error ] [8]未定义变量: taocan_data
[ error ] [8]未定义变量: taocan_data
[ error ] [8]未定义变量: taocan_data
[ error ] [8]未定义变量: taocan_data
[ error ] [8]未定义变量: taocan_data
[ error ] [8]未定义变量: taocan_data
[ error ] [8]未定义变量: taocan_data
[ error ] [8]未定义变量: taocan_data
[ error ] [8]未定义变量: list

---------------------------------------------------------------
[ 2017-11-10T21:21:36+08:00 ] 192.168.20.185 192.168.168.160 GET /360/public_html/index.php/member/sales/add
[ log ] 192.168.20.185/360/public_html/index.php/member/sales/add [运行时间：1.084878s][吞吐率：0.92req/s] [内存消耗：2,482.38kb] [文件加载：75]
[ info ] [ DB ] INIT mysql
[ sql ] [ DB ] CONNECT:[ UseTime:1.031036s ] mysql:dbname=crm;host=localhost;charset=utf8
[ sql ] [ SQL ] set sql_mode='' [ RunTime:0.000122s ]
[ sql ] [ SQL ] SHOW COLUMNS FROM `role` [ RunTime:0.003015s ]
[ sql ] [ SQL ] SELECT * FROM `role` WHERE  `role`.`delete_time` IS NULL  AND `id` = 4 LIMIT 1 [ RunTime:0.000284s ]
[ sql ] [ SQL ] SHOW COLUMNS FROM `customer` [ RunTime:0.002727s ]
[ sql ] [ SQL ] SELECT `id`,`company` FROM `customer` WHERE  `customer`.`shop_id` = 1 [ RunTime:0.000149s ]
[ sql ] [ SQL ] SHOW COLUMNS FROM `member` [ RunTime:0.002670s ]
[ sql ] [ SQL ] SELECT `uid`,`realname` FROM `member` WHERE  `shop_id` = 1 [ RunTime:0.000161s ]
[ sql ] [ SQL ] SHOW COLUMNS FROM `stock_product` [ RunTime:0.002695s ]
[ sql ] [ SQL ] SELECT DISTINCT  * FROM `stock_product` WHERE  `shop_id` = 1  AND (  status <> '3' ) GROUP BY fid ORDER BY fid asc [ RunTime:0.001720s ]
[ sql ] [ SQL ] SELECT * FROM `stock_product` WHERE  `shop_id` = 1  AND `fid` = 2 ORDER BY listorder desc,id asc [ RunTime:0.000312s ]
[ sql ] [ SQL ] SHOW COLUMNS FROM `stock_set` [ RunTime:0.002648s ]
[ sql ] [ SQL ] SELECT * FROM `stock_set` WHERE  `shop_id` = 1  AND `id` = 2 LIMIT 1 [ RunTime:0.000189s ]
[ error ] [8]未定义变量: taocan_data
[ error ] [8]未定义变量: taocan_data
[ error ] [8]未定义变量: taocan_data
[ error ] [8]未定义变量: taocan_data
[ error ] [8]未定义变量: taocan_data
[ error ] [8]未定义变量: taocan_data
[ error ] [8]未定义变量: taocan_data
[ error ] [8]未定义变量: taocan_data
[ error ] [8]未定义变量: taocan_data
[ error ] [8]未定义变量: taocan_data
[ error ] [8]未定义变量: taocan_data
[ error ] [8]未定义变量: taocan_data
[ error ] [8]未定义变量: taocan_data
[ error ] [8]未定义变量: taocan_data
[ error ] [8]未定义变量: taocan_data
[ error ] [8]未定义变量: taocan_data
[ error ] [8]未定义变量: taocan_data
[ error ] [8]未定义变量: taocan_data
[ error ] [8]未定义变量: taocan_data
[ error ] [8]未定义变量: list

---------------------------------------------------------------
[ 2017-11-10T21:21:39+08:00 ] 192.168.20.185 192.168.168.160 GET /360/public_html/index.php/member/index/index/
[ log ] 192.168.20.185/360/public_html/index.php/member/index/index/ [运行时间：1.064647s][吞吐率：0.94req/s] [内存消耗：2,509.19kb] [文件加载：76]
[ info ] [ DB ] INIT mysql
[ sql ] [ DB ] CONNECT:[ UseTime:1.026125s ] mysql:dbname=crm;host=localhost;charset=utf8
[ sql ] [ SQL ] set sql_mode='' [ RunTime:0.000105s ]
[ sql ] [ SQL ] SHOW COLUMNS FROM `role` [ RunTime:0.002880s ]
[ sql ] [ SQL ] SELECT * FROM `role` WHERE  `role`.`delete_time` IS NULL  AND `id` = 4 LIMIT 1 [ RunTime:0.000266s ]
[ error ] [8]未定义变量: taocan_data
[ error ] [8]未定义变量: taocan_data
[ error ] [8]未定义变量: taocan_data
[ error ] [8]未定义变量: taocan_data
[ error ] [8]未定义变量: taocan_data
[ error ] [8]未定义变量: taocan_data
[ error ] [8]未定义变量: taocan_data
[ error ] [8]未定义变量: taocan_data
[ error ] [8]未定义变量: taocan_data
[ error ] [8]未定义变量: taocan_data
[ error ] [8]未定义变量: taocan_data
[ error ] [8]未定义变量: taocan_data
[ error ] [8]未定义变量: taocan_data
[ error ] [8]未定义变量: taocan_data
[ error ] [8]未定义变量: taocan_data
[ error ] [8]未定义变量: taocan_data
[ error ] [8]未定义变量: taocan_data
[ error ] [8]未定义变量: taocan_data
[ error ] [8]未定义变量: taocan_data

---------------------------------------------------------------
[ 2017-11-10T21:24:05+08:00 ] 192.168.20.185 192.168.168.160 GET /360/public_html/index.php/member/index/index/
[ log ] 192.168.20.185/360/public_html/index.php/member/index/index/ [运行时间：1.063133s][吞吐率：0.94req/s] [内存消耗：2,340.99kb] [文件加载：72]
[ info ] [ DB ] INIT mysql
[ sql ] [ DB ] CONNECT:[ UseTime:1.027316s ] mysql:dbname=crm;host=localhost;charset=utf8
[ sql ] [ SQL ] set sql_mode='' [ RunTime:0.000106s ]
[ sql ] [ SQL ] SHOW COLUMNS FROM `role` [ RunTime:0.002869s ]
[ sql ] [ SQL ] SELECT * FROM `role` WHERE  `role`.`delete_time` IS NULL  AND `id` = 4 LIMIT 1 [ RunTime:0.000272s ]
[ error ] [8]未定义变量: taocan_data
[ error ] [8]未定义变量: taocan_data
[ error ] [8]未定义变量: taocan_data
[ error ] [8]未定义变量: taocan_data
[ error ] [8]未定义变量: taocan_data
[ error ] [8]未定义变量: taocan_data
[ error ] [8]未定义变量: taocan_data
[ error ] [8]未定义变量: taocan_data
[ error ] [8]未定义变量: taocan_data
[ error ] [8]未定义变量: taocan_data
[ error ] [8]未定义变量: taocan_data
[ error ] [8]未定义变量: taocan_data
[ error ] [8]未定义变量: taocan_data
[ error ] [8]未定义变量: taocan_data
[ error ] [8]未定义变量: taocan_data
[ error ] [8]未定义变量: taocan_data
[ error ] [8]未定义变量: taocan_data
[ error ] [8]未定义变量: taocan_data
[ error ] [8]未定义变量: taocan_data

---------------------------------------------------------------
[ 2017-11-10T21:24:15+08:00 ] 192.168.20.185 192.168.168.160 GET /360/public_html/index.php/member/index/index/
[ log ] 192.168.20.185/360/public_html/index.php/member/index/index/ [运行时间：1.038875s][吞吐率：0.96req/s] [内存消耗：1,669.11kb] [文件加载：61]
[ info ] [ DB ] INIT mysql
[ sql ] [ DB ] CONNECT:[ UseTime:1.017728s ] mysql:dbname=crm;host=localhost;charset=utf8
[ sql ] [ SQL ] set sql_mode='' [ RunTime:0.000104s ]

---------------------------------------------------------------
[ 2017-11-10T21:24:24+08:00 ] 192.168.20.185 192.168.168.160 GET /360/public_html/index.php/member/sales/add
[ log ] 192.168.20.185/360/public_html/index.php/member/sales/add [运行时间：1.050275s][吞吐率：0.95req/s] [内存消耗：1,693.65kb] [文件加载：61]
[ info ] [ DB ] INIT mysql
[ sql ] [ DB ] CONNECT:[ UseTime:1.029525s ] mysql:dbname=crm;host=localhost;charset=utf8
[ sql ] [ SQL ] set sql_mode='' [ RunTime:0.000109s ]

---------------------------------------------------------------
[ 2017-11-10T21:24:47+08:00 ] 192.168.20.185 192.168.168.160 GET /360/public_html/index.php
[ log ] 192.168.20.185/360/public_html/index.php [运行时间：1.042254s][吞吐率：0.96req/s] [内存消耗：1,492.74kb] [文件加载：54]
[ info ] [ DB ] INIT mysql
[ sql ] [ DB ] CONNECT:[ UseTime:1.023846s ] mysql:dbname=crm;host=localhost;charset=utf8
[ sql ] [ SQL ] set sql_mode='' [ RunTime:0.000106s ]

---------------------------------------------------------------
[ 2017-11-10T21:24:48+08:00 ] 192.168.20.185 192.168.168.160 GET /360/public_html/index.php/member/login/index/
[ log ] 192.168.20.185/360/public_html/index.php/member/login/index/ [运行时间：1.053672s][吞吐率：0.95req/s] [内存消耗：1,666.60kb] [文件加载：60]
[ info ] [ DB ] INIT mysql
[ sql ] [ DB ] CONNECT:[ UseTime:1.033091s ] mysql:dbname=crm;host=localhost;charset=utf8
[ sql ] [ SQL ] set sql_mode='' [ RunTime:0.000109s ]

---------------------------------------------------------------
[ 2017-11-10T21:25:00+08:00 ] 192.168.20.185 192.168.168.160 POST /360/public_html/index.php/member/login/index/
[ log ] 192.168.20.185/360/public_html/index.php/member/login/index/ [运行时间：1.076625s][吞吐率：0.93req/s] [内存消耗：2,262.67kb] [文件加载：67]
[ info ] [ DB ] INIT mysql
[ sql ] [ DB ] CONNECT:[ UseTime:1.030968s ] mysql:dbname=crm;host=localhost;charset=utf8
[ sql ] [ SQL ] set sql_mode='' [ RunTime:0.000106s ]
[ sql ] [ SQL ] SHOW COLUMNS FROM `member` [ RunTime:0.002928s ]
[ sql ] [ SQL ] SELECT * FROM `member` WHERE  `username` = 'admin' LIMIT 1 [ RunTime:0.000297s ]
[ sql ] [ SQL ] UPDATE `member`  SET `lasttime`=1510320300  WHERE  `uid` = 1 [ RunTime:0.014742s ]

---------------------------------------------------------------
[ 2017-11-10T21:25:01+08:00 ] 192.168.20.185 192.168.168.160 GET /360/public_html/index.php/member/index/index
[ log ] 192.168.20.185/360/public_html/index.php/member/index/index [运行时间：1.032462s][吞吐率：0.97req/s] [内存消耗：2,341.06kb] [文件加载：72]
[ info ] [ DB ] INIT mysql
[ sql ] [ DB ] CONNECT:[ UseTime:1.001185s ] mysql:dbname=crm;host=localhost;charset=utf8
[ sql ] [ SQL ] set sql_mode='' [ RunTime:0.000103s ]
[ sql ] [ SQL ] SHOW COLUMNS FROM `role` [ RunTime:0.002799s ]
[ sql ] [ SQL ] SELECT * FROM `role` WHERE  `role`.`delete_time` IS NULL  AND `id` = 4 LIMIT 1 [ RunTime:0.000324s ]
[ error ] [8]未定义变量: taocan_data
[ error ] [8]未定义变量: taocan_data
[ error ] [8]未定义变量: taocan_data
[ error ] [8]未定义变量: taocan_data
[ error ] [8]未定义变量: taocan_data
[ error ] [8]未定义变量: taocan_data
[ error ] [8]未定义变量: taocan_data
[ error ] [8]未定义变量: taocan_data
[ error ] [8]未定义变量: taocan_data
[ error ] [8]未定义变量: taocan_data
[ error ] [8]未定义变量: taocan_data
[ error ] [8]未定义变量: taocan_data
[ error ] [8]未定义变量: taocan_data
[ error ] [8]未定义变量: taocan_data
[ error ] [8]未定义变量: taocan_data
[ error ] [8]未定义变量: taocan_data
[ error ] [8]未定义变量: taocan_data
[ error ] [8]未定义变量: taocan_data
[ error ] [8]未定义变量: taocan_data

---------------------------------------------------------------
[ 2017-11-10T21:27:29+08:00 ] 192.168.20.185 192.168.168.160 GET /360/public_html/index.php/member/index/index
[ log ] 192.168.20.185/360/public_html/index.php/member/index/index [运行时间：1.049109s][吞吐率：0.95req/s] [内存消耗：2,340.99kb] [文件加载：72]
[ info ] [ DB ] INIT mysql
[ sql ] [ DB ] CONNECT:[ UseTime:1.014764s ] mysql:dbname=crm;host=localhost;charset=utf8
[ sql ] [ SQL ] set sql_mode='' [ RunTime:0.000122s ]
[ sql ] [ SQL ] SHOW COLUMNS FROM `role` [ RunTime:0.002860s ]
[ sql ] [ SQL ] SELECT * FROM `role` WHERE  `role`.`delete_time` IS NULL  AND `id` = 4 LIMIT 1 [ RunTime:0.000270s ]
[ error ] [8]未定义变量: taocan_data
[ error ] [8]未定义变量: taocan_data
[ error ] [8]未定义变量: taocan_data
[ error ] [8]未定义变量: taocan_data
[ error ] [8]未定义变量: taocan_data
[ error ] [8]未定义变量: taocan_data
[ error ] [8]未定义变量: taocan_data
[ error ] [8]未定义变量: taocan_data
[ error ] [8]未定义变量: taocan_data
[ error ] [8]未定义变量: taocan_data
[ error ] [8]未定义变量: taocan_data
[ error ] [8]未定义变量: taocan_data
[ error ] [8]未定义变量: taocan_data
[ error ] [8]未定义变量: taocan_data
[ error ] [8]未定义变量: taocan_data
[ error ] [8]未定义变量: taocan_data
[ error ] [8]未定义变量: taocan_data
[ error ] [8]未定义变量: taocan_data
[ error ] [8]未定义变量: taocan_data

---------------------------------------------------------------
[ 2017-11-10T21:30:58+08:00 ] 192.168.20.185 192.168.168.160 GET /360/public_html/index.php/member/index/index
[ log ] 192.168.20.185/360/public_html/index.php/member/index/index [运行时间：1.067496s][吞吐率：0.94req/s] [内存消耗：2,341.08kb] [文件加载：72]
[ info ] [ DB ] INIT mysql
[ sql ] [ DB ] CONNECT:[ UseTime:1.030920s ] mysql:dbname=crm;host=localhost;charset=utf8
[ sql ] [ SQL ] set sql_mode='' [ RunTime:0.000117s ]
[ sql ] [ SQL ] SHOW COLUMNS FROM `role` [ RunTime:0.003103s ]
[ sql ] [ SQL ] SELECT * FROM `role` WHERE  `role`.`delete_time` IS NULL  AND `id` = 4 LIMIT 1 [ RunTime:0.000284s ]
[ error ] [8]未定义变量: taocan_data
[ error ] [8]未定义变量: taocan_data
[ error ] [8]未定义变量: taocan_data
[ error ] [8]未定义变量: taocan_data
[ error ] [8]未定义变量: taocan_data
[ error ] [8]未定义变量: taocan_data
[ error ] [8]未定义变量: taocan_data
[ error ] [8]未定义变量: taocan_data
[ error ] [8]未定义变量: taocan_data
[ error ] [8]未定义变量: taocan_data
[ error ] [8]未定义变量: taocan_data
[ error ] [8]未定义变量: taocan_data
[ error ] [8]未定义变量: taocan_data
[ error ] [8]未定义变量: taocan_data
[ error ] [8]未定义变量: taocan_data
[ error ] [8]未定义变量: taocan_data
[ error ] [8]未定义变量: taocan_data
[ error ] [8]未定义变量: taocan_data
[ error ] [8]未定义变量: taocan_data

---------------------------------------------------------------
[ 2017-11-10T21:31:50+08:00 ] 192.168.20.185 192.168.168.160 GET /360/public_html/index.php
[ log ] 192.168.20.185/360/public_html/index.php [运行时间：1.041533s][吞吐率：0.96req/s] [内存消耗：1,492.62kb] [文件加载：54]
[ info ] [ DB ] INIT mysql
[ sql ] [ DB ] CONNECT:[ UseTime:1.022859s ] mysql:dbname=crm;host=localhost;charset=utf8
[ sql ] [ SQL ] set sql_mode='' [ RunTime:0.000106s ]

---------------------------------------------------------------
[ 2017-11-10T21:31:51+08:00 ] 192.168.20.185 192.168.168.160 GET /360/public_html/index.php/member/login/index/
[ log ] 192.168.20.185/360/public_html/index.php/member/login/index/ [运行时间：1.033893s][吞吐率：0.97req/s] [内存消耗：1,666.52kb] [文件加载：60]
[ info ] [ DB ] INIT mysql
[ sql ] [ DB ] CONNECT:[ UseTime:1.013170s ] mysql:dbname=crm;host=localhost;charset=utf8
[ sql ] [ SQL ] set sql_mode='' [ RunTime:0.000104s ]

---------------------------------------------------------------
[ 2017-11-10T21:32:17+08:00 ] 192.168.20.185 192.168.168.160 POST /360/public_html/index.php/member/login/index/
[ log ] 192.168.20.185/360/public_html/index.php/member/login/index/ [运行时间：1.052968s][吞吐率：0.95req/s] [内存消耗：2,262.66kb] [文件加载：67]
[ info ] [ DB ] INIT mysql
[ sql ] [ DB ] CONNECT:[ UseTime:1.006870s ] mysql:dbname=crm;host=localhost;charset=utf8
[ sql ] [ SQL ] set sql_mode='' [ RunTime:0.000105s ]
[ sql ] [ SQL ] SHOW COLUMNS FROM `member` [ RunTime:0.002924s ]
[ sql ] [ SQL ] SELECT * FROM `member` WHERE  `username` = 'admin' LIMIT 1 [ RunTime:0.000297s ]
[ sql ] [ SQL ] UPDATE `member`  SET `lasttime`=1510320737  WHERE  `uid` = 1 [ RunTime:0.015429s ]

---------------------------------------------------------------
[ 2017-11-10T21:32:18+08:00 ] 192.168.20.185 192.168.168.160 GET /360/public_html/index.php/member/index/index
[ log ] 192.168.20.185/360/public_html/index.php/member/index/index [运行时间：1.035382s][吞吐率：0.97req/s] [内存消耗：2,341.10kb] [文件加载：72]
[ info ] [ DB ] INIT mysql
[ sql ] [ DB ] CONNECT:[ UseTime:1.003234s ] mysql:dbname=crm;host=localhost;charset=utf8
[ sql ] [ SQL ] set sql_mode='' [ RunTime:0.000105s ]
[ sql ] [ SQL ] SHOW COLUMNS FROM `role` [ RunTime:0.002895s ]
[ sql ] [ SQL ] SELECT * FROM `role` WHERE  `role`.`delete_time` IS NULL  AND `id` = 4 LIMIT 1 [ RunTime:0.000286s ]
[ error ] [8]未定义变量: taocan_data
[ error ] [8]未定义变量: taocan_data
[ error ] [8]未定义变量: taocan_data
[ error ] [8]未定义变量: taocan_data
[ error ] [8]未定义变量: taocan_data
[ error ] [8]未定义变量: taocan_data
[ error ] [8]未定义变量: taocan_data
[ error ] [8]未定义变量: taocan_data
[ error ] [8]未定义变量: taocan_data
[ error ] [8]未定义变量: taocan_data
[ error ] [8]未定义变量: taocan_data
[ error ] [8]未定义变量: taocan_data
[ error ] [8]未定义变量: taocan_data
[ error ] [8]未定义变量: taocan_data
[ error ] [8]未定义变量: taocan_data
[ error ] [8]未定义变量: taocan_data
[ error ] [8]未定义变量: taocan_data
[ error ] [8]未定义变量: taocan_data
[ error ] [8]未定义变量: taocan_data

---------------------------------------------------------------
[ 2017-11-10T21:32:52+08:00 ] 192.168.20.185 192.168.168.160 GET /360/public_html/index.php/member/sales/add
[ log ] 192.168.20.185/360/public_html/index.php/member/sales/add [运行时间：1.064282s][吞吐率：0.94req/s] [内存消耗：2,482.39kb] [文件加载：75]
[ info ] [ DB ] INIT mysql
[ sql ] [ DB ] CONNECT:[ UseTime:1.015732s ] mysql:dbname=crm;host=localhost;charset=utf8
[ sql ] [ SQL ] set sql_mode='' [ RunTime:0.000105s ]
[ sql ] [ SQL ] SHOW COLUMNS FROM `role` [ RunTime:0.002856s ]
[ sql ] [ SQL ] SELECT * FROM `role` WHERE  `role`.`delete_time` IS NULL  AND `id` = 4 LIMIT 1 [ RunTime:0.000267s ]
[ sql ] [ SQL ] SHOW COLUMNS FROM `customer` [ RunTime:0.002714s ]
[ sql ] [ SQL ] SELECT `id`,`company` FROM `customer` WHERE  `customer`.`shop_id` = 1 [ RunTime:0.000147s ]
[ sql ] [ SQL ] SHOW COLUMNS FROM `member` [ RunTime:0.002662s ]
[ sql ] [ SQL ] SELECT `uid`,`realname` FROM `member` WHERE  `shop_id` = 1 [ RunTime:0.000162s ]
[ sql ] [ SQL ] SHOW COLUMNS FROM `stock_product` [ RunTime:0.002685s ]
[ sql ] [ SQL ] SELECT DISTINCT  * FROM `stock_product` WHERE  `shop_id` = 1  AND (  status <> '3' ) GROUP BY fid ORDER BY fid asc [ RunTime:0.001596s ]
[ sql ] [ SQL ] SELECT * FROM `stock_product` WHERE  `shop_id` = 1  AND `fid` = 2 ORDER BY listorder desc,id asc [ RunTime:0.000306s ]
[ sql ] [ SQL ] SHOW COLUMNS FROM `stock_set` [ RunTime:0.002691s ]
[ sql ] [ SQL ] SELECT * FROM `stock_set` WHERE  `shop_id` = 1  AND `id` = 2 LIMIT 1 [ RunTime:0.000193s ]
[ error ] [8]未定义变量: taocan_data
[ error ] [8]未定义变量: taocan_data
[ error ] [8]未定义变量: taocan_data
[ error ] [8]未定义变量: taocan_data
[ error ] [8]未定义变量: taocan_data
[ error ] [8]未定义变量: taocan_data
[ error ] [8]未定义变量: taocan_data
[ error ] [8]未定义变量: taocan_data
[ error ] [8]未定义变量: taocan_data
[ error ] [8]未定义变量: taocan_data
[ error ] [8]未定义变量: taocan_data
[ error ] [8]未定义变量: taocan_data
[ error ] [8]未定义变量: taocan_data
[ error ] [8]未定义变量: taocan_data
[ error ] [8]未定义变量: taocan_data
[ error ] [8]未定义变量: taocan_data
[ error ] [8]未定义变量: taocan_data
[ error ] [8]未定义变量: taocan_data
[ error ] [8]未定义变量: taocan_data
[ error ] [8]未定义变量: list

---------------------------------------------------------------
[ 2017-11-10T21:33:02+08:00 ] 192.168.20.185 192.168.168.160 GET /360/public_html/index.php/member/index/index
[ log ] 192.168.20.185/360/public_html/index.php/member/index/index [运行时间：1.057285s][吞吐率：0.95req/s] [内存消耗：2,341.10kb] [文件加载：72]
[ info ] [ DB ] INIT mysql
[ sql ] [ DB ] CONNECT:[ UseTime:1.022919s ] mysql:dbname=crm;host=localhost;charset=utf8
[ sql ] [ SQL ] set sql_mode='' [ RunTime:0.000103s ]
[ sql ] [ SQL ] SHOW COLUMNS FROM `role` [ RunTime:0.002835s ]
[ sql ] [ SQL ] SELECT * FROM `role` WHERE  `role`.`delete_time` IS NULL  AND `id` = 4 LIMIT 1 [ RunTime:0.000271s ]
[ error ] [8]未定义变量: taocan_data
[ error ] [8]未定义变量: taocan_data
[ error ] [8]未定义变量: taocan_data
[ error ] [8]未定义变量: taocan_data
[ error ] [8]未定义变量: taocan_data
[ error ] [8]未定义变量: taocan_data
[ error ] [8]未定义变量: taocan_data
[ error ] [8]未定义变量: taocan_data
[ error ] [8]未定义变量: taocan_data
[ error ] [8]未定义变量: taocan_data
[ error ] [8]未定义变量: taocan_data
[ error ] [8]未定义变量: taocan_data
[ error ] [8]未定义变量: taocan_data
[ error ] [8]未定义变量: taocan_data
[ error ] [8]未定义变量: taocan_data
[ error ] [8]未定义变量: taocan_data
[ error ] [8]未定义变量: taocan_data
[ error ] [8]未定义变量: taocan_data
[ error ] [8]未定义变量: taocan_data

---------------------------------------------------------------
[ 2017-11-10T21:33:27+08:00 ] 192.168.20.185 192.168.168.160 GET /360/public_html/index.php/member/stock/orders
[ log ] 192.168.20.185/360/public_html/index.php/member/stock/orders [运行时间：1.071287s][吞吐率：0.93req/s] [内存消耗：2,722.29kb] [文件加载：83]
[ info ] [ DB ] INIT mysql
[ sql ] [ DB ] CONNECT:[ UseTime:1.019990s ] mysql:dbname=crm;host=localhost;charset=utf8
[ sql ] [ SQL ] set sql_mode='' [ RunTime:0.000105s ]
[ sql ] [ SQL ] SHOW COLUMNS FROM `role` [ RunTime:0.002869s ]
[ sql ] [ SQL ] SELECT * FROM `role` WHERE  `role`.`delete_time` IS NULL  AND `id` = 4 LIMIT 1 [ RunTime:0.000269s ]
[ sql ] [ SQL ] SHOW COLUMNS FROM `orders` [ RunTime:0.002847s ]
[ sql ] [ SQL ] SELECT COUNT(*) AS tp_count FROM `orders` WHERE  `shop_id` = 1  AND (  status='2' ) LIMIT 1 [ RunTime:0.000186s ]
[ sql ] [ SQL ] SELECT * FROM `orders` WHERE  `shop_id` = 1  AND (  status='2' ) ORDER BY addtime desc LIMIT 0,20 [ RunTime:0.000219s ]
[ sql ] [ SQL ] SHOW COLUMNS FROM `customer` [ RunTime:0.002778s ]
[ sql ] [ SQL ] SELECT * FROM `customer` WHERE  `customer`.`shop_id` = 1  AND `id` = 1 LIMIT 1 [ RunTime:0.000247s ]
[ sql ] [ SQL ] SHOW COLUMNS FROM `member` [ RunTime:0.002717s ]
[ sql ] [ SQL ] SELECT * FROM `member` WHERE  `uid` = 1 LIMIT 1 [ RunTime:0.000198s ]
[ sql ] [ SQL ] SELECT * FROM `member` WHERE  `uid` = 3 LIMIT 1 [ RunTime:0.000182s ]
[ error ] [8]未定义变量: taocan_data
[ error ] [8]未定义变量: taocan_data
[ error ] [8]未定义变量: taocan_data
[ error ] [8]未定义变量: taocan_data
[ error ] [8]未定义变量: taocan_data
[ error ] [8]未定义变量: taocan_data
[ error ] [8]未定义变量: taocan_data
[ error ] [8]未定义变量: taocan_data
[ error ] [8]未定义变量: taocan_data
[ error ] [8]未定义变量: taocan_data
[ error ] [8]未定义变量: taocan_data
[ error ] [8]未定义变量: taocan_data
[ error ] [8]未定义变量: taocan_data
[ error ] [8]未定义变量: taocan_data
[ error ] [8]未定义变量: taocan_data
[ error ] [8]未定义变量: taocan_data
[ error ] [8]未定义变量: taocan_data
[ error ] [8]未定义变量: taocan_data
[ error ] [8]未定义变量: taocan_data

---------------------------------------------------------------
[ 2017-11-10T21:33:34+08:00 ] 192.168.20.185 192.168.168.160 GET /360/public_html/index.php/member/member/role
[ log ] 192.168.20.185/360/public_html/index.php/member/member/role [运行时间：1.045806s][吞吐率：0.96req/s] [内存消耗：2,503.05kb] [文件加载：78]
[ info ] [ DB ] INIT mysql
[ sql ] [ DB ] CONNECT:[ UseTime:1.010911s ] mysql:dbname=crm;host=localhost;charset=utf8
[ sql ] [ SQL ] set sql_mode='' [ RunTime:0.000105s ]
[ sql ] [ SQL ] SHOW COLUMNS FROM `role` [ RunTime:0.002876s ]
[ sql ] [ SQL ] SELECT * FROM `role` WHERE  `role`.`delete_time` IS NULL  AND `id` = 4 LIMIT 1 [ RunTime:0.000264s ]
[ sql ] [ SQL ] SELECT COUNT(*) AS tp_count FROM `role` WHERE  `role`.`shop_id` = 1  AND `type` = 1 LIMIT 1 [ RunTime:0.000181s ]
[ sql ] [ SQL ] SELECT * FROM `role` WHERE  `role`.`shop_id` = 1  AND `type` = 1 ORDER BY type desc LIMIT 0,20 [ RunTime:0.000255s ]
[ error ] [8]未定义变量: taocan_data
[ error ] [8]未定义变量: taocan_data
[ error ] [8]未定义变量: taocan_data
[ error ] [8]未定义变量: taocan_data
[ error ] [8]未定义变量: taocan_data
[ error ] [8]未定义变量: taocan_data
[ error ] [8]未定义变量: taocan_data
[ error ] [8]未定义变量: taocan_data
[ error ] [8]未定义变量: taocan_data
[ error ] [8]未定义变量: taocan_data
[ error ] [8]未定义变量: taocan_data
[ error ] [8]未定义变量: taocan_data
[ error ] [8]未定义变量: taocan_data
[ error ] [8]未定义变量: taocan_data
[ error ] [8]未定义变量: taocan_data
[ error ] [8]未定义变量: taocan_data
[ error ] [8]未定义变量: taocan_data
[ error ] [8]未定义变量: taocan_data
[ error ] [8]未定义变量: taocan_data

---------------------------------------------------------------
[ 2017-11-10T21:34:20+08:00 ] 192.168.20.185 192.168.168.160 GET /360/public_html/index.php/member/sales/add
[ log ] 192.168.20.185/360/public_html/index.php/member/sales/add [运行时间：1.072984s][吞吐率：0.93req/s] [内存消耗：2,482.45kb] [文件加载：75]
[ info ] [ DB ] INIT mysql
[ sql ] [ DB ] CONNECT:[ UseTime:1.023896s ] mysql:dbname=crm;host=localhost;charset=utf8
[ sql ] [ SQL ] set sql_mode='' [ RunTime:0.000108s ]
[ sql ] [ SQL ] SHOW COLUMNS FROM `role` [ RunTime:0.002981s ]
[ sql ] [ SQL ] SELECT * FROM `role` WHERE  `role`.`delete_time` IS NULL  AND `id` = 4 LIMIT 1 [ RunTime:0.000266s ]
[ sql ] [ SQL ] SHOW COLUMNS FROM `customer` [ RunTime:0.002844s ]
[ sql ] [ SQL ] SELECT `id`,`company` FROM `customer` WHERE  `customer`.`shop_id` = 1 [ RunTime:0.000161s ]
[ sql ] [ SQL ] SHOW COLUMNS FROM `member` [ RunTime:0.002769s ]
[ sql ] [ SQL ] SELECT `uid`,`realname` FROM `member` WHERE  `shop_id` = 1 [ RunTime:0.000166s ]
[ sql ] [ SQL ] SHOW COLUMNS FROM `stock_product` [ RunTime:0.002737s ]
[ sql ] [ SQL ] SELECT DISTINCT  * FROM `stock_product` WHERE  `shop_id` = 1  AND (  status <> '3' ) GROUP BY fid ORDER BY fid asc [ RunTime:0.001609s ]
[ sql ] [ SQL ] SELECT * FROM `stock_product` WHERE  `shop_id` = 1  AND `fid` = 2 ORDER BY listorder desc,id asc [ RunTime:0.000317s ]
[ sql ] [ SQL ] SHOW COLUMNS FROM `stock_set` [ RunTime:0.002757s ]
[ sql ] [ SQL ] SELECT * FROM `stock_set` WHERE  `shop_id` = 1  AND `id` = 2 LIMIT 1 [ RunTime:0.000196s ]
[ error ] [8]未定义变量: taocan_data
[ error ] [8]未定义变量: taocan_data
[ error ] [8]未定义变量: taocan_data
[ error ] [8]未定义变量: taocan_data
[ error ] [8]未定义变量: taocan_data
[ error ] [8]未定义变量: taocan_data
[ error ] [8]未定义变量: taocan_data
[ error ] [8]未定义变量: taocan_data
[ error ] [8]未定义变量: taocan_data
[ error ] [8]未定义变量: taocan_data
[ error ] [8]未定义变量: taocan_data
[ error ] [8]未定义变量: taocan_data
[ error ] [8]未定义变量: taocan_data
[ error ] [8]未定义变量: taocan_data
[ error ] [8]未定义变量: taocan_data
[ error ] [8]未定义变量: taocan_data
[ error ] [8]未定义变量: taocan_data
[ error ] [8]未定义变量: taocan_data
[ error ] [8]未定义变量: taocan_data
[ error ] [8]未定义变量: list

---------------------------------------------------------------
[ 2017-11-10T21:34:27+08:00 ] 192.168.20.185 192.168.168.160 GET /360/public_html/index.php/member/index/index/
[ log ] 192.168.20.185/360/public_html/index.php/member/index/index/ [运行时间：1.043296s][吞吐率：0.96req/s] [内存消耗：2,341.06kb] [文件加载：72]
[ info ] [ DB ] INIT mysql
[ sql ] [ DB ] CONNECT:[ UseTime:1.009560s ] mysql:dbname=crm;host=localhost;charset=utf8
[ sql ] [ SQL ] set sql_mode='' [ RunTime:0.000107s ]
[ sql ] [ SQL ] SHOW COLUMNS FROM `role` [ RunTime:0.002855s ]
[ sql ] [ SQL ] SELECT * FROM `role` WHERE  `role`.`delete_time` IS NULL  AND `id` = 4 LIMIT 1 [ RunTime:0.000272s ]
[ error ] [8]未定义变量: taocan_data
[ error ] [8]未定义变量: taocan_data
[ error ] [8]未定义变量: taocan_data
[ error ] [8]未定义变量: taocan_data
[ error ] [8]未定义变量: taocan_data
[ error ] [8]未定义变量: taocan_data
[ error ] [8]未定义变量: taocan_data
[ error ] [8]未定义变量: taocan_data
[ error ] [8]未定义变量: taocan_data
[ error ] [8]未定义变量: taocan_data
[ error ] [8]未定义变量: taocan_data
[ error ] [8]未定义变量: taocan_data
[ error ] [8]未定义变量: taocan_data
[ error ] [8]未定义变量: taocan_data
[ error ] [8]未定义变量: taocan_data
[ error ] [8]未定义变量: taocan_data
[ error ] [8]未定义变量: taocan_data
[ error ] [8]未定义变量: taocan_data
[ error ] [8]未定义变量: taocan_data

---------------------------------------------------------------
[ 2017-11-10T21:35:13+08:00 ] 192.168.20.185 192.168.168.160 GET /360/public_html/index.php/member/sales/index
[ log ] 192.168.20.185/360/public_html/index.php/member/sales/index [运行时间：1.037774s][吞吐率：0.96req/s] [内存消耗：1,694.27kb] [文件加载：61]
[ info ] [ DB ] INIT mysql
[ sql ] [ DB ] CONNECT:[ UseTime:1.014492s ] mysql:dbname=crm;host=localhost;charset=utf8
[ sql ] [ SQL ] set sql_mode='' [ RunTime:0.000106s ]

---------------------------------------------------------------
[ 2017-11-10T21:35:18+08:00 ] 192.168.20.185 192.168.168.160 GET /360/public_html/index.php
[ log ] 192.168.20.185/360/public_html/index.php [运行时间：1.040167s][吞吐率：0.96req/s] [内存消耗：1,492.31kb] [文件加载：54]
[ info ] [ DB ] INIT mysql
[ sql ] [ DB ] CONNECT:[ UseTime:1.021922s ] mysql:dbname=crm;host=localhost;charset=utf8
[ sql ] [ SQL ] set sql_mode='' [ RunTime:0.000105s ]

---------------------------------------------------------------
[ 2017-11-10T21:35:19+08:00 ] 192.168.20.185 192.168.168.160 GET /360/public_html/index.php/member/login/index/
[ log ] 192.168.20.185/360/public_html/index.php/member/login/index/ [运行时间：1.056227s][吞吐率：0.95req/s] [内存消耗：1,666.56kb] [文件加载：60]
[ info ] [ DB ] INIT mysql
[ sql ] [ DB ] CONNECT:[ UseTime:1.035731s ] mysql:dbname=crm;host=localhost;charset=utf8
[ sql ] [ SQL ] set sql_mode='' [ RunTime:0.000115s ]

---------------------------------------------------------------
[ 2017-11-10T21:35:22+08:00 ] 192.168.20.185 192.168.168.160 POST /360/public_html/index.php/member/login/index/
[ log ] 192.168.20.185/360/public_html/index.php/member/login/index/ [运行时间：1.069652s][吞吐率：0.93req/s] [内存消耗：2,217.00kb] [文件加载：66]
[ info ] [ DB ] INIT mysql
[ sql ] [ DB ] CONNECT:[ UseTime:1.022396s ] mysql:dbname=crm;host=localhost;charset=utf8
[ sql ] [ SQL ] set sql_mode='' [ RunTime:0.000105s ]
[ sql ] [ SQL ] SHOW COLUMNS FROM `member` [ RunTime:0.003008s ]
[ sql ] [ SQL ] SELECT * FROM `member` WHERE  `username` = 'admin' LIMIT 1 [ RunTime:0.000302s ]
[ sql ] [ SQL ] UPDATE `member`  SET `lasttime`=1510320922  WHERE  `uid` = 1 [ RunTime:0.017249s ]

---------------------------------------------------------------
[ 2017-11-10T21:35:23+08:00 ] 192.168.20.185 192.168.168.160 GET /360/public_html/index.php/member/sales/index
[ log ] 192.168.20.185/360/public_html/index.php/member/sales/index [运行时间：1.065161s][吞吐率：0.94req/s] [内存消耗：2,539.34kb] [文件加载：79]
[ info ] [ DB ] INIT mysql
[ sql ] [ DB ] CONNECT:[ UseTime:1.017737s ] mysql:dbname=crm;host=localhost;charset=utf8
[ sql ] [ SQL ] set sql_mode='' [ RunTime:0.000107s ]
[ sql ] [ SQL ] SHOW COLUMNS FROM `role` [ RunTime:0.002891s ]
[ sql ] [ SQL ] SELECT * FROM `role` WHERE  `role`.`delete_time` IS NULL  AND `id` = 4 LIMIT 1 [ RunTime:0.000271s ]
[ sql ] [ SQL ] SHOW COLUMNS FROM `orders` [ RunTime:0.002896s ]
[ sql ] [ SQL ] SELECT COUNT(*) AS tp_count FROM `orders` WHERE  `shop_id` = 1 LIMIT 1 [ RunTime:0.000171s ]
[ sql ] [ SQL ] SELECT * FROM `orders` WHERE  `shop_id` = 1 ORDER BY addtime desc LIMIT 0,20 [ RunTime:0.000227s ]
[ sql ] [ SQL ] SHOW COLUMNS FROM `customer` [ RunTime:0.002731s ]
[ sql ] [ SQL ] SELECT * FROM `customer` WHERE  `customer`.`shop_id` = 1  AND `id` = 1 LIMIT 1 [ RunTime:0.000232s ]
[ sql ] [ SQL ] SHOW COLUMNS FROM `member` [ RunTime:0.002665s ]
[ sql ] [ SQL ] SELECT * FROM `member` WHERE  `uid` = 1 LIMIT 1 [ RunTime:0.000196s ]
[ sql ] [ SQL ] SELECT * FROM `member` WHERE  `uid` = 2 LIMIT 1 [ RunTime:0.000294s ]
[ sql ] [ SQL ] SELECT * FROM `customer` WHERE  `customer`.`shop_id` = 1  AND `id` = 1 LIMIT 1 [ RunTime:0.000245s ]
[ sql ] [ SQL ] SELECT * FROM `member` WHERE  `uid` = 1 LIMIT 1 [ RunTime:0.000192s ]
[ sql ] [ SQL ] SELECT * FROM `member` WHERE  `uid` = 3 LIMIT 1 [ RunTime:0.000176s ]
[ error ] [8]未定义变量: where
[ error ] [8]未定义变量: taocan_data
[ error ] [8]未定义变量: taocan_data
[ error ] [8]未定义变量: taocan_data
[ error ] [8]未定义变量: taocan_data
[ error ] [8]未定义变量: taocan_data
[ error ] [8]未定义变量: taocan_data
[ error ] [8]未定义变量: taocan_data
[ error ] [8]未定义变量: taocan_data
[ error ] [8]未定义变量: taocan_data
[ error ] [8]未定义变量: taocan_data
[ error ] [8]未定义变量: taocan_data
[ error ] [8]未定义变量: taocan_data
[ error ] [8]未定义变量: taocan_data
[ error ] [8]未定义变量: taocan_data
[ error ] [8]未定义变量: taocan_data
[ error ] [8]未定义变量: taocan_data
[ error ] [8]未定义变量: taocan_data
[ error ] [8]未定义变量: taocan_data
[ error ] [8]未定义变量: taocan_data

---------------------------------------------------------------
[ 2017-11-10T21:35:26+08:00 ] 192.168.20.185 192.168.168.160 GET /360/public_html/index.php/member/index/index/
[ log ] 192.168.20.185/360/public_html/index.php/member/index/index/ [运行时间：1.054498s][吞吐率：0.95req/s] [内存消耗：2,341.21kb] [文件加载：72]
[ info ] [ DB ] INIT mysql
[ sql ] [ DB ] CONNECT:[ UseTime:1.022825s ] mysql:dbname=crm;host=localhost;charset=utf8
[ sql ] [ SQL ] set sql_mode='' [ RunTime:0.000106s ]
[ sql ] [ SQL ] SHOW COLUMNS FROM `role` [ RunTime:0.002865s ]
[ sql ] [ SQL ] SELECT * FROM `role` WHERE  `role`.`delete_time` IS NULL  AND `id` = 4 LIMIT 1 [ RunTime:0.000281s ]
[ error ] [8]未定义变量: taocan_data
[ error ] [8]未定义变量: taocan_data
[ error ] [8]未定义变量: taocan_data
[ error ] [8]未定义变量: taocan_data
[ error ] [8]未定义变量: taocan_data
[ error ] [8]未定义变量: taocan_data
[ error ] [8]未定义变量: taocan_data
[ error ] [8]未定义变量: taocan_data
[ error ] [8]未定义变量: taocan_data
[ error ] [8]未定义变量: taocan_data
[ error ] [8]未定义变量: taocan_data
[ error ] [8]未定义变量: taocan_data
[ error ] [8]未定义变量: taocan_data
[ error ] [8]未定义变量: taocan_data
[ error ] [8]未定义变量: taocan_data
[ error ] [8]未定义变量: taocan_data
[ error ] [8]未定义变量: taocan_data
[ error ] [8]未定义变量: taocan_data
[ error ] [8]未定义变量: taocan_data

---------------------------------------------------------------
[ 2017-11-10T21:36:23+08:00 ] 192.168.20.185 192.168.168.160 GET /360/public_html/index.php/member/sales/add
[ log ] 192.168.20.185/360/public_html/index.php/member/sales/add [运行时间：1.073797s][吞吐率：0.93req/s] [内存消耗：2,482.56kb] [文件加载：75]
[ info ] [ DB ] INIT mysql
[ sql ] [ DB ] CONNECT:[ UseTime:1.024857s ] mysql:dbname=crm;host=localhost;charset=utf8
[ sql ] [ SQL ] set sql_mode='' [ RunTime:0.000106s ]
[ sql ] [ SQL ] SHOW COLUMNS FROM `role` [ RunTime:0.002907s ]
[ sql ] [ SQL ] SELECT * FROM `role` WHERE  `role`.`delete_time` IS NULL  AND `id` = 4 LIMIT 1 [ RunTime:0.000271s ]
[ sql ] [ SQL ] SHOW COLUMNS FROM `customer` [ RunTime:0.002884s ]
[ sql ] [ SQL ] SELECT `id`,`company` FROM `customer` WHERE  `customer`.`shop_id` = 1 [ RunTime:0.000169s ]
[ sql ] [ SQL ] SHOW COLUMNS FROM `member` [ RunTime:0.002679s ]
[ sql ] [ SQL ] SELECT `uid`,`realname` FROM `member` WHERE  `shop_id` = 1 [ RunTime:0.000172s ]
[ sql ] [ SQL ] SHOW COLUMNS FROM `stock_product` [ RunTime:0.002726s ]
[ sql ] [ SQL ] SELECT DISTINCT  * FROM `stock_product` WHERE  `shop_id` = 1  AND (  status <> '3' ) GROUP BY fid ORDER BY fid asc [ RunTime:0.001594s ]
[ sql ] [ SQL ] SELECT * FROM `stock_product` WHERE  `shop_id` = 1  AND `fid` = 2 ORDER BY listorder desc,id asc [ RunTime:0.000312s ]
[ sql ] [ SQL ] SHOW COLUMNS FROM `stock_set` [ RunTime:0.002609s ]
[ sql ] [ SQL ] SELECT * FROM `stock_set` WHERE  `shop_id` = 1  AND `id` = 2 LIMIT 1 [ RunTime:0.000191s ]
[ error ] [8]未定义变量: taocan_data
[ error ] [8]未定义变量: taocan_data
[ error ] [8]未定义变量: taocan_data
[ error ] [8]未定义变量: taocan_data
[ error ] [8]未定义变量: taocan_data
[ error ] [8]未定义变量: taocan_data
[ error ] [8]未定义变量: taocan_data
[ error ] [8]未定义变量: taocan_data
[ error ] [8]未定义变量: taocan_data
[ error ] [8]未定义变量: taocan_data
[ error ] [8]未定义变量: taocan_data
[ error ] [8]未定义变量: taocan_data
[ error ] [8]未定义变量: taocan_data
[ error ] [8]未定义变量: taocan_data
[ error ] [8]未定义变量: taocan_data
[ error ] [8]未定义变量: taocan_data
[ error ] [8]未定义变量: taocan_data
[ error ] [8]未定义变量: taocan_data
[ error ] [8]未定义变量: taocan_data
[ error ] [8]未定义变量: list

---------------------------------------------------------------
[ 2017-11-10T21:36:43+08:00 ] 192.168.20.185 192.168.168.160 GET /360/public_html/index.php/member/index/index/
[ log ] 192.168.20.185/360/public_html/index.php/member/index/index/ [运行时间：1.057706s][吞吐率：0.95req/s] [内存消耗：2,341.21kb] [文件加载：72]
[ info ] [ DB ] INIT mysql
[ sql ] [ DB ] CONNECT:[ UseTime:1.026192s ] mysql:dbname=crm;host=localhost;charset=utf8
[ sql ] [ SQL ] set sql_mode='' [ RunTime:0.000106s ]
[ sql ] [ SQL ] SHOW COLUMNS FROM `role` [ RunTime:0.002887s ]
[ sql ] [ SQL ] SELECT * FROM `role` WHERE  `role`.`delete_time` IS NULL  AND `id` = 4 LIMIT 1 [ RunTime:0.000269s ]
[ error ] [8]未定义变量: taocan_data
[ error ] [8]未定义变量: taocan_data
[ error ] [8]未定义变量: taocan_data
[ error ] [8]未定义变量: taocan_data
[ error ] [8]未定义变量: taocan_data
[ error ] [8]未定义变量: taocan_data
[ error ] [8]未定义变量: taocan_data
[ error ] [8]未定义变量: taocan_data
[ error ] [8]未定义变量: taocan_data
[ error ] [8]未定义变量: taocan_data
[ error ] [8]未定义变量: taocan_data
[ error ] [8]未定义变量: taocan_data
[ error ] [8]未定义变量: taocan_data
[ error ] [8]未定义变量: taocan_data
[ error ] [8]未定义变量: taocan_data
[ error ] [8]未定义变量: taocan_data
[ error ] [8]未定义变量: taocan_data
[ error ] [8]未定义变量: taocan_data
[ error ] [8]未定义变量: taocan_data

---------------------------------------------------------------
[ 2017-11-10T21:39:46+08:00 ] 192.168.20.185 192.168.168.160 GET /360/public_html/index.php/member/index/index/
[ log ] 192.168.20.185/360/public_html/index.php/member/index/index/ [运行时间：1.067134s][吞吐率：0.94req/s] [内存消耗：2,341.08kb] [文件加载：72]
[ info ] [ DB ] INIT mysql
[ sql ] [ DB ] CONNECT:[ UseTime:1.030892s ] mysql:dbname=crm;host=localhost;charset=utf8
[ sql ] [ SQL ] set sql_mode='' [ RunTime:0.000116s ]
[ sql ] [ SQL ] SHOW COLUMNS FROM `role` [ RunTime:0.002952s ]
[ sql ] [ SQL ] SELECT * FROM `role` WHERE  `role`.`delete_time` IS NULL  AND `id` = 4 LIMIT 1 [ RunTime:0.000278s ]
[ error ] [8]未定义变量: taocan_data
[ error ] [8]未定义变量: taocan_data
[ error ] [8]未定义变量: taocan_data
[ error ] [8]未定义变量: taocan_data
[ error ] [8]未定义变量: taocan_data
[ error ] [8]未定义变量: taocan_data
[ error ] [8]未定义变量: taocan_data
[ error ] [8]未定义变量: taocan_data
[ error ] [8]未定义变量: taocan_data
[ error ] [8]未定义变量: taocan_data
[ error ] [8]未定义变量: taocan_data
[ error ] [8]未定义变量: taocan_data
[ error ] [8]未定义变量: taocan_data
[ error ] [8]未定义变量: taocan_data
[ error ] [8]未定义变量: taocan_data
[ error ] [8]未定义变量: taocan_data
[ error ] [8]未定义变量: taocan_data
[ error ] [8]未定义变量: taocan_data
[ error ] [8]未定义变量: taocan_data

---------------------------------------------------------------
[ 2017-11-10T21:39:54+08:00 ] 192.168.20.185 192.168.168.160 GET /360/public_html/index.php/member/sales/index
[ log ] 192.168.20.185/360/public_html/index.php/member/sales/index [运行时间：1.079981s][吞吐率：0.93req/s] [内存消耗：2,539.42kb] [文件加载：79]
[ info ] [ DB ] INIT mysql
[ sql ] [ DB ] CONNECT:[ UseTime:1.033080s ] mysql:dbname=crm;host=localhost;charset=utf8
[ sql ] [ SQL ] set sql_mode='' [ RunTime:0.000106s ]
[ sql ] [ SQL ] SHOW COLUMNS FROM `role` [ RunTime:0.002836s ]
[ sql ] [ SQL ] SELECT * FROM `role` WHERE  `role`.`delete_time` IS NULL  AND `id` = 4 LIMIT 1 [ RunTime:0.000269s ]
[ sql ] [ SQL ] SHOW COLUMNS FROM `orders` [ RunTime:0.002704s ]
[ sql ] [ SQL ] SELECT COUNT(*) AS tp_count FROM `orders` WHERE  `shop_id` = 1 LIMIT 1 [ RunTime:0.000156s ]
[ sql ] [ SQL ] SELECT * FROM `orders` WHERE  `shop_id` = 1 ORDER BY addtime desc LIMIT 0,20 [ RunTime:0.000217s ]
[ sql ] [ SQL ] SHOW COLUMNS FROM `customer` [ RunTime:0.002685s ]
[ sql ] [ SQL ] SELECT * FROM `customer` WHERE  `customer`.`shop_id` = 1  AND `id` = 1 LIMIT 1 [ RunTime:0.000227s ]
[ sql ] [ SQL ] SHOW COLUMNS FROM `member` [ RunTime:0.002667s ]
[ sql ] [ SQL ] SELECT * FROM `member` WHERE  `uid` = 1 LIMIT 1 [ RunTime:0.000196s ]
[ sql ] [ SQL ] SELECT * FROM `member` WHERE  `uid` = 2 LIMIT 1 [ RunTime:0.000179s ]
[ sql ] [ SQL ] SELECT * FROM `customer` WHERE  `customer`.`shop_id` = 1  AND `id` = 1 LIMIT 1 [ RunTime:0.000216s ]
[ sql ] [ SQL ] SELECT * FROM `member` WHERE  `uid` = 1 LIMIT 1 [ RunTime:0.000183s ]
[ sql ] [ SQL ] SELECT * FROM `member` WHERE  `uid` = 3 LIMIT 1 [ RunTime:0.000174s ]
[ error ] [8]未定义变量: where
[ error ] [8]未定义变量: taocan_data
[ error ] [8]未定义变量: taocan_data
[ error ] [8]未定义变量: taocan_data
[ error ] [8]未定义变量: taocan_data
[ error ] [8]未定义变量: taocan_data
[ error ] [8]未定义变量: taocan_data
[ error ] [8]未定义变量: taocan_data
[ error ] [8]未定义变量: taocan_data
[ error ] [8]未定义变量: taocan_data
[ error ] [8]未定义变量: taocan_data
[ error ] [8]未定义变量: taocan_data
[ error ] [8]未定义变量: taocan_data
[ error ] [8]未定义变量: taocan_data
[ error ] [8]未定义变量: taocan_data
[ error ] [8]未定义变量: taocan_data
[ error ] [8]未定义变量: taocan_data
[ error ] [8]未定义变量: taocan_data
[ error ] [8]未定义变量: taocan_data
[ error ] [8]未定义变量: taocan_data

---------------------------------------------------------------
[ 2017-11-10T21:39:59+08:00 ] 192.168.20.185 192.168.168.160 GET /360/public_html/index.php
[ log ] 192.168.20.185/360/public_html/index.php [运行时间：1.029101s][吞吐率：0.97req/s] [内存消耗：1,492.31kb] [文件加载：54]
[ info ] [ DB ] INIT mysql
[ sql ] [ DB ] CONNECT:[ UseTime:1.010619s ] mysql:dbname=crm;host=localhost;charset=utf8
[ sql ] [ SQL ] set sql_mode='' [ RunTime:0.000107s ]

---------------------------------------------------------------
[ 2017-11-10T21:40:00+08:00 ] 192.168.20.185 192.168.168.160 GET /360/public_html/index.php/member/login/index/
[ log ] 192.168.20.185/360/public_html/index.php/member/login/index/ [运行时间：1.050983s][吞吐率：0.95req/s] [内存消耗：1,666.56kb] [文件加载：60]
[ info ] [ DB ] INIT mysql
[ sql ] [ DB ] CONNECT:[ UseTime:1.030528s ] mysql:dbname=crm;host=localhost;charset=utf8
[ sql ] [ SQL ] set sql_mode='' [ RunTime:0.000105s ]

---------------------------------------------------------------
[ 2017-11-10T21:40:05+08:00 ] 192.168.20.185 192.168.168.160 POST /360/public_html/index.php/member/login/index/
[ log ] 192.168.20.185/360/public_html/index.php/member/login/index/ [运行时间：1.044898s][吞吐率：0.96req/s] [内存消耗：2,217.00kb] [文件加载：66]
[ info ] [ DB ] INIT mysql
[ sql ] [ DB ] CONNECT:[ UseTime:0.998765s ] mysql:dbname=crm;host=localhost;charset=utf8
[ sql ] [ SQL ] set sql_mode='' [ RunTime:0.000104s ]
[ sql ] [ SQL ] SHOW COLUMNS FROM `member` [ RunTime:0.002924s ]
[ sql ] [ SQL ] SELECT * FROM `member` WHERE  `username` = 'admin' LIMIT 1 [ RunTime:0.000294s ]
[ sql ] [ SQL ] UPDATE `member`  SET `lasttime`=1510321205  WHERE  `uid` = 1 [ RunTime:0.016290s ]

---------------------------------------------------------------
[ 2017-11-10T21:40:06+08:00 ] 192.168.20.185 192.168.168.160 GET /360/public_html/index.php/member/sales/index
[ log ] 192.168.20.185/360/public_html/index.php/member/sales/index [运行时间：1.080201s][吞吐率：0.93req/s] [内存消耗：2,539.34kb] [文件加载：79]
[ info ] [ DB ] INIT mysql
[ sql ] [ DB ] CONNECT:[ UseTime:1.031537s ] mysql:dbname=crm;host=localhost;charset=utf8
[ sql ] [ SQL ] set sql_mode='' [ RunTime:0.000110s ]
[ sql ] [ SQL ] SHOW COLUMNS FROM `role` [ RunTime:0.002860s ]
[ sql ] [ SQL ] SELECT * FROM `role` WHERE  `role`.`delete_time` IS NULL  AND `id` = 4 LIMIT 1 [ RunTime:0.000267s ]
[ sql ] [ SQL ] SHOW COLUMNS FROM `orders` [ RunTime:0.003085s ]
[ sql ] [ SQL ] SELECT COUNT(*) AS tp_count FROM `orders` WHERE  `shop_id` = 1 LIMIT 1 [ RunTime:0.000231s ]
[ sql ] [ SQL ] SELECT * FROM `orders` WHERE  `shop_id` = 1 ORDER BY addtime desc LIMIT 0,20 [ RunTime:0.000258s ]
[ sql ] [ SQL ] SHOW COLUMNS FROM `customer` [ RunTime:0.002941s ]
[ sql ] [ SQL ] SELECT * FROM `customer` WHERE  `customer`.`shop_id` = 1  AND `id` = 1 LIMIT 1 [ RunTime:0.000252s ]
[ sql ] [ SQL ] SHOW COLUMNS FROM `member` [ RunTime:0.002804s ]
[ sql ] [ SQL ] SELECT * FROM `member` WHERE  `uid` = 1 LIMIT 1 [ RunTime:0.000232s ]
[ sql ] [ SQL ] SELECT * FROM `member` WHERE  `uid` = 2 LIMIT 1 [ RunTime:0.000182s ]
[ sql ] [ SQL ] SELECT * FROM `customer` WHERE  `customer`.`shop_id` = 1  AND `id` = 1 LIMIT 1 [ RunTime:0.000220s ]
[ sql ] [ SQL ] SELECT * FROM `member` WHERE  `uid` = 1 LIMIT 1 [ RunTime:0.000185s ]
[ sql ] [ SQL ] SELECT * FROM `member` WHERE  `uid` = 3 LIMIT 1 [ RunTime:0.000177s ]
[ error ] [8]未定义变量: where
[ error ] [8]未定义变量: taocan_data
[ error ] [8]未定义变量: taocan_data
[ error ] [8]未定义变量: taocan_data
[ error ] [8]未定义变量: taocan_data
[ error ] [8]未定义变量: taocan_data
[ error ] [8]未定义变量: taocan_data
[ error ] [8]未定义变量: taocan_data
[ error ] [8]未定义变量: taocan_data
[ error ] [8]未定义变量: taocan_data
[ error ] [8]未定义变量: taocan_data
[ error ] [8]未定义变量: taocan_data
[ error ] [8]未定义变量: taocan_data
[ error ] [8]未定义变量: taocan_data
[ error ] [8]未定义变量: taocan_data
[ error ] [8]未定义变量: taocan_data
[ error ] [8]未定义变量: taocan_data
[ error ] [8]未定义变量: taocan_data
[ error ] [8]未定义变量: taocan_data
[ error ] [8]未定义变量: taocan_data

---------------------------------------------------------------
[ 2017-11-10T21:40:10+08:00 ] 192.168.20.185 192.168.168.160 GET /360/public_html/index.php/member/index/index/
[ log ] 192.168.20.185/360/public_html/index.php/member/index/index/ [运行时间：1.053687s][吞吐率：0.95req/s] [内存消耗：2,341.21kb] [文件加载：72]
[ info ] [ DB ] INIT mysql
[ sql ] [ DB ] CONNECT:[ UseTime:1.022388s ] mysql:dbname=crm;host=localhost;charset=utf8
[ sql ] [ SQL ] set sql_mode='' [ RunTime:0.000103s ]
[ sql ] [ SQL ] SHOW COLUMNS FROM `role` [ RunTime:0.002871s ]
[ sql ] [ SQL ] SELECT * FROM `role` WHERE  `role`.`delete_time` IS NULL  AND `id` = 4 LIMIT 1 [ RunTime:0.000283s ]
[ error ] [8]未定义变量: taocan_data
[ error ] [8]未定义变量: taocan_data
[ error ] [8]未定义变量: taocan_data
[ error ] [8]未定义变量: taocan_data
[ error ] [8]未定义变量: taocan_data
[ error ] [8]未定义变量: taocan_data
[ error ] [8]未定义变量: taocan_data
[ error ] [8]未定义变量: taocan_data
[ error ] [8]未定义变量: taocan_data
[ error ] [8]未定义变量: taocan_data
[ error ] [8]未定义变量: taocan_data
[ error ] [8]未定义变量: taocan_data
[ error ] [8]未定义变量: taocan_data
[ error ] [8]未定义变量: taocan_data
[ error ] [8]未定义变量: taocan_data
[ error ] [8]未定义变量: taocan_data
[ error ] [8]未定义变量: taocan_data
[ error ] [8]未定义变量: taocan_data
[ error ] [8]未定义变量: taocan_data

---------------------------------------------------------------
[ 2017-11-10T21:40:40+08:00 ] 192.168.20.185 192.168.168.160 GET /360/public_html/index.php/member/index/index/
[ log ] 192.168.20.185/360/public_html/index.php/member/index/index/ [运行时间：1.051820s][吞吐率：0.95req/s] [内存消耗：2,341.21kb] [文件加载：72]
[ info ] [ DB ] INIT mysql
[ sql ] [ DB ] CONNECT:[ UseTime:1.020276s ] mysql:dbname=crm;host=localhost;charset=utf8
[ sql ] [ SQL ] set sql_mode='' [ RunTime:0.000112s ]
[ sql ] [ SQL ] SHOW COLUMNS FROM `role` [ RunTime:0.002941s ]
[ sql ] [ SQL ] SELECT * FROM `role` WHERE  `role`.`delete_time` IS NULL  AND `id` = 4 LIMIT 1 [ RunTime:0.000273s ]
[ error ] [8]未定义变量: taocan_data
[ error ] [8]未定义变量: taocan_data
[ error ] [8]未定义变量: taocan_data
[ error ] [8]未定义变量: taocan_data
[ error ] [8]未定义变量: taocan_data
[ error ] [8]未定义变量: taocan_data
[ error ] [8]未定义变量: taocan_data
[ error ] [8]未定义变量: taocan_data
[ error ] [8]未定义变量: taocan_data
[ error ] [8]未定义变量: taocan_data
[ error ] [8]未定义变量: taocan_data
[ error ] [8]未定义变量: taocan_data
[ error ] [8]未定义变量: taocan_data
[ error ] [8]未定义变量: taocan_data
[ error ] [8]未定义变量: taocan_data
[ error ] [8]未定义变量: taocan_data
[ error ] [8]未定义变量: taocan_data
[ error ] [8]未定义变量: taocan_data
[ error ] [8]未定义变量: taocan_data

---------------------------------------------------------------
